[2025-06-25 14:51:28] flarum.ERROR: FastRoute\BadRouteException: Static route "/settings" is shadowed by previously defined variable route "/([^/]+)" for method "GET" in C:\laragon\www\cyo-flarum\vendor\nikic\fast-route\src\DataGenerator\RegexBasedAbstract.php:64
Stack trace:
#0 C:\laragon\www\cyo-flarum\vendor\nikic\fast-route\src\DataGenerator\RegexBasedAbstract.php(18): FastRoute\DataGenerator\RegexBasedAbstract->addStaticRoute('GET', Array, Array)
#1 C:\laragon\www\cyo-flarum\vendor\flarum\core\src\Http\RouteCollection.php(101): FastRoute\DataGenerator\RegexBasedAbstract->addRoute('GET', Array, Array)
#2 C:\laragon\www\cyo-flarum\vendor\flarum\core\src\Http\RouteCollection.php(118): Flarum\Http\RouteCollection->applyRoutes()
#3 C:\laragon\www\cyo-flarum\vendor\flarum\core\src\Forum\ForumServiceProvider.php(221): Flarum\Http\RouteCollection->getRouteData()
#4 C:\laragon\www\cyo-flarum\vendor\flarum\core\src\Forum\ForumServiceProvider.php(59): Flarum\Forum\ForumServiceProvider->setDefaultRoute(Object(Flarum\Http\RouteCollection), Object(Illuminate\Container\Container))
#5 C:\laragon\www\cyo-flarum\vendor\illuminate\container\Container.php(1265): Flarum\Forum\ForumServiceProvider->Flarum\Forum\{closure}(Object(Flarum\Http\RouteCollection), Object(Illuminate\Container\Container))
#6 C:\laragon\www\cyo-flarum\vendor\illuminate\container\Container.php(1229): Illuminate\Container\Container->fireCallbackArray(Object(Flarum\Http\RouteCollection), Array)
#7 C:\laragon\www\cyo-flarum\vendor\illuminate\container\Container.php(1215): Illuminate\Container\Container->fireAfterResolvingCallbacks('flarum.forum.ro...', Object(Flarum\Http\RouteCollection))
#8 C:\laragon\www\cyo-flarum\vendor\illuminate\container\Container.php(778): Illuminate\Container\Container->fireResolvingCallbacks('flarum.forum.ro...', Object(Flarum\Http\RouteCollection))
#9 C:\laragon\www\cyo-flarum\vendor\illuminate\container\Container.php(694): Illuminate\Container\Container->resolve('flarum.forum.ro...', Array)
#10 C:\laragon\www\cyo-flarum\vendor\flarum\core\src\Forum\ForumServiceProvider.php(48): Illuminate\Container\Container->make('flarum.forum.ro...')
#11 C:\laragon\www\cyo-flarum\vendor\illuminate\container\Container.php(767): Flarum\Forum\ForumServiceProvider->Flarum\Forum\{closure}(Object(Flarum\Http\UrlGenerator), Object(Illuminate\Container\Container))
#12 C:\laragon\www\cyo-flarum\vendor\illuminate\container\Container.php(694): Illuminate\Container\Container->resolve('Flarum\\Http\\Url...', Array)
#13 C:\laragon\www\cyo-flarum\vendor\flarum\core\src\Frontend\FrontendServiceProvider.php(177): Illuminate\Container\Container->make('Flarum\\Http\\Url...')
#14 C:\laragon\www\cyo-flarum\vendor\illuminate\container\BoundMethod.php(36): Flarum\Frontend\FrontendServiceProvider->boot(Object(Illuminate\Container\Container), Object(Illuminate\View\Factory))
#15 C:\laragon\www\cyo-flarum\vendor\illuminate\container\Util.php(40): Illuminate\Container\BoundMethod::Illuminate\Container\{closure}()
#16 C:\laragon\www\cyo-flarum\vendor\illuminate\container\BoundMethod.php(93): Illuminate\Container\Util::unwrapIfClosure(Object(Closure))
#17 C:\laragon\www\cyo-flarum\vendor\illuminate\container\BoundMethod.php(35): Illuminate\Container\BoundMethod::callBoundMethod(Object(Illuminate\Container\Container), Array, Object(Closure))
#18 C:\laragon\www\cyo-flarum\vendor\illuminate\container\Container.php(653): Illuminate\Container\BoundMethod::call(Object(Illuminate\Container\Container), Array, Array, NULL)
#19 C:\laragon\www\cyo-flarum\vendor\flarum\core\src\Foundation\Application.php(290): Illuminate\Container\Container->call(Array)
#20 C:\laragon\www\cyo-flarum\vendor\flarum\core\src\Foundation\Application.php(273): Flarum\Foundation\Application->bootProvider(Object(Flarum\Frontend\FrontendServiceProvider))
#21 [internal function]: Flarum\Foundation\Application->Flarum\Foundation\{closure}(Object(Flarum\Frontend\FrontendServiceProvider), 13)
#22 C:\laragon\www\cyo-flarum\vendor\flarum\core\src\Foundation\Application.php(272): array_walk(Array, Object(Closure))
#23 C:\laragon\www\cyo-flarum\vendor\flarum\core\src\Foundation\InstalledSite.php(151): Flarum\Foundation\Application->boot()
#24 C:\laragon\www\cyo-flarum\vendor\flarum\core\src\Foundation\InstalledSite.php(82): Flarum\Foundation\InstalledSite->bootLaravel()
#25 C:\laragon\www\cyo-flarum\vendor\flarum\core\src\Http\Server.php(59): Flarum\Foundation\InstalledSite->bootApp()
#26 C:\laragon\www\cyo-flarum\vendor\flarum\core\src\Http\Server.php(36): Flarum\Http\Server->safelyBootAndGetHandler()
#27 C:\laragon\www\cyo-flarum\public\index.php(26): Flarum\Http\Server->listen()
#28 {main}  
[2025-06-25 14:51:29] flarum.ERROR: FastRoute\BadRouteException: Static route "/settings" is shadowed by previously defined variable route "/([^/]+)" for method "GET" in C:\laragon\www\cyo-flarum\vendor\nikic\fast-route\src\DataGenerator\RegexBasedAbstract.php:64
Stack trace:
#0 C:\laragon\www\cyo-flarum\vendor\nikic\fast-route\src\DataGenerator\RegexBasedAbstract.php(18): FastRoute\DataGenerator\RegexBasedAbstract->addStaticRoute('GET', Array, Array)
#1 C:\laragon\www\cyo-flarum\vendor\flarum\core\src\Http\RouteCollection.php(101): FastRoute\DataGenerator\RegexBasedAbstract->addRoute('GET', Array, Array)
#2 C:\laragon\www\cyo-flarum\vendor\flarum\core\src\Http\RouteCollection.php(118): Flarum\Http\RouteCollection->applyRoutes()
#3 C:\laragon\www\cyo-flarum\vendor\flarum\core\src\Forum\ForumServiceProvider.php(221): Flarum\Http\RouteCollection->getRouteData()
#4 C:\laragon\www\cyo-flarum\vendor\flarum\core\src\Forum\ForumServiceProvider.php(59): Flarum\Forum\ForumServiceProvider->setDefaultRoute(Object(Flarum\Http\RouteCollection), Object(Illuminate\Container\Container))
#5 C:\laragon\www\cyo-flarum\vendor\illuminate\container\Container.php(1265): Flarum\Forum\ForumServiceProvider->Flarum\Forum\{closure}(Object(Flarum\Http\RouteCollection), Object(Illuminate\Container\Container))
#6 C:\laragon\www\cyo-flarum\vendor\illuminate\container\Container.php(1229): Illuminate\Container\Container->fireCallbackArray(Object(Flarum\Http\RouteCollection), Array)
#7 C:\laragon\www\cyo-flarum\vendor\illuminate\container\Container.php(1215): Illuminate\Container\Container->fireAfterResolvingCallbacks('flarum.forum.ro...', Object(Flarum\Http\RouteCollection))
#8 C:\laragon\www\cyo-flarum\vendor\illuminate\container\Container.php(778): Illuminate\Container\Container->fireResolvingCallbacks('flarum.forum.ro...', Object(Flarum\Http\RouteCollection))
#9 C:\laragon\www\cyo-flarum\vendor\illuminate\container\Container.php(694): Illuminate\Container\Container->resolve('flarum.forum.ro...', Array)
#10 C:\laragon\www\cyo-flarum\vendor\flarum\core\src\Forum\ForumServiceProvider.php(48): Illuminate\Container\Container->make('flarum.forum.ro...')
#11 C:\laragon\www\cyo-flarum\vendor\illuminate\container\Container.php(767): Flarum\Forum\ForumServiceProvider->Flarum\Forum\{closure}(Object(Flarum\Http\UrlGenerator), Object(Illuminate\Container\Container))
#12 C:\laragon\www\cyo-flarum\vendor\illuminate\container\Container.php(694): Illuminate\Container\Container->resolve('Flarum\\Http\\Url...', Array)
#13 C:\laragon\www\cyo-flarum\vendor\flarum\core\src\Frontend\FrontendServiceProvider.php(177): Illuminate\Container\Container->make('Flarum\\Http\\Url...')
#14 C:\laragon\www\cyo-flarum\vendor\illuminate\container\BoundMethod.php(36): Flarum\Frontend\FrontendServiceProvider->boot(Object(Illuminate\Container\Container), Object(Illuminate\View\Factory))
#15 C:\laragon\www\cyo-flarum\vendor\illuminate\container\Util.php(40): Illuminate\Container\BoundMethod::Illuminate\Container\{closure}()
#16 C:\laragon\www\cyo-flarum\vendor\illuminate\container\BoundMethod.php(93): Illuminate\Container\Util::unwrapIfClosure(Object(Closure))
#17 C:\laragon\www\cyo-flarum\vendor\illuminate\container\BoundMethod.php(35): Illuminate\Container\BoundMethod::callBoundMethod(Object(Illuminate\Container\Container), Array, Object(Closure))
#18 C:\laragon\www\cyo-flarum\vendor\illuminate\container\Container.php(653): Illuminate\Container\BoundMethod::call(Object(Illuminate\Container\Container), Array, Array, NULL)
#19 C:\laragon\www\cyo-flarum\vendor\flarum\core\src\Foundation\Application.php(290): Illuminate\Container\Container->call(Array)
#20 C:\laragon\www\cyo-flarum\vendor\flarum\core\src\Foundation\Application.php(273): Flarum\Foundation\Application->bootProvider(Object(Flarum\Frontend\FrontendServiceProvider))
#21 [internal function]: Flarum\Foundation\Application->Flarum\Foundation\{closure}(Object(Flarum\Frontend\FrontendServiceProvider), 13)
#22 C:\laragon\www\cyo-flarum\vendor\flarum\core\src\Foundation\Application.php(272): array_walk(Array, Object(Closure))
#23 C:\laragon\www\cyo-flarum\vendor\flarum\core\src\Foundation\InstalledSite.php(151): Flarum\Foundation\Application->boot()
#24 C:\laragon\www\cyo-flarum\vendor\flarum\core\src\Foundation\InstalledSite.php(82): Flarum\Foundation\InstalledSite->bootLaravel()
#25 C:\laragon\www\cyo-flarum\vendor\flarum\core\src\Http\Server.php(59): Flarum\Foundation\InstalledSite->bootApp()
#26 C:\laragon\www\cyo-flarum\vendor\flarum\core\src\Http\Server.php(36): Flarum\Http\Server->safelyBootAndGetHandler()
#27 C:\laragon\www\cyo-flarum\public\index.php(26): Flarum\Http\Server->listen()
#28 {main}  
[2025-06-25 14:52:22] flarum.ERROR: FastRoute\BadRouteException: Static route "/flags" is shadowed by previously defined variable route "/([^/]+)" for method "GET" in C:\laragon\www\cyo-flarum\vendor\nikic\fast-route\src\DataGenerator\RegexBasedAbstract.php:64
Stack trace:
#0 C:\laragon\www\cyo-flarum\vendor\nikic\fast-route\src\DataGenerator\RegexBasedAbstract.php(18): FastRoute\DataGenerator\RegexBasedAbstract->addStaticRoute('GET', Array, Array)
#1 C:\laragon\www\cyo-flarum\vendor\flarum\core\src\Http\RouteCollection.php(101): FastRoute\DataGenerator\RegexBasedAbstract->addRoute('GET', Array, Array)
#2 C:\laragon\www\cyo-flarum\vendor\flarum\core\src\Http\RouteCollection.php(118): Flarum\Http\RouteCollection->applyRoutes()
#3 C:\laragon\www\cyo-flarum\vendor\flarum\core\src\Forum\ForumServiceProvider.php(221): Flarum\Http\RouteCollection->getRouteData()
#4 C:\laragon\www\cyo-flarum\vendor\flarum\core\src\Forum\ForumServiceProvider.php(59): Flarum\Forum\ForumServiceProvider->setDefaultRoute(Object(Flarum\Http\RouteCollection), Object(Illuminate\Container\Container))
#5 C:\laragon\www\cyo-flarum\vendor\illuminate\container\Container.php(1265): Flarum\Forum\ForumServiceProvider->Flarum\Forum\{closure}(Object(Flarum\Http\RouteCollection), Object(Illuminate\Container\Container))
#6 C:\laragon\www\cyo-flarum\vendor\illuminate\container\Container.php(1229): Illuminate\Container\Container->fireCallbackArray(Object(Flarum\Http\RouteCollection), Array)
#7 C:\laragon\www\cyo-flarum\vendor\illuminate\container\Container.php(1215): Illuminate\Container\Container->fireAfterResolvingCallbacks('flarum.forum.ro...', Object(Flarum\Http\RouteCollection))
#8 C:\laragon\www\cyo-flarum\vendor\illuminate\container\Container.php(778): Illuminate\Container\Container->fireResolvingCallbacks('flarum.forum.ro...', Object(Flarum\Http\RouteCollection))
#9 C:\laragon\www\cyo-flarum\vendor\illuminate\container\Container.php(694): Illuminate\Container\Container->resolve('flarum.forum.ro...', Array)
#10 C:\laragon\www\cyo-flarum\vendor\flarum\core\src\Forum\ForumServiceProvider.php(48): Illuminate\Container\Container->make('flarum.forum.ro...')
#11 C:\laragon\www\cyo-flarum\vendor\illuminate\container\Container.php(767): Flarum\Forum\ForumServiceProvider->Flarum\Forum\{closure}(Object(Flarum\Http\UrlGenerator), Object(Illuminate\Container\Container))
#12 C:\laragon\www\cyo-flarum\vendor\illuminate\container\Container.php(694): Illuminate\Container\Container->resolve('Flarum\\Http\\Url...', Array)
#13 C:\laragon\www\cyo-flarum\vendor\flarum\core\src\Frontend\FrontendServiceProvider.php(177): Illuminate\Container\Container->make('Flarum\\Http\\Url...')
#14 C:\laragon\www\cyo-flarum\vendor\illuminate\container\BoundMethod.php(36): Flarum\Frontend\FrontendServiceProvider->boot(Object(Illuminate\Container\Container), Object(Illuminate\View\Factory))
#15 C:\laragon\www\cyo-flarum\vendor\illuminate\container\Util.php(40): Illuminate\Container\BoundMethod::Illuminate\Container\{closure}()
#16 C:\laragon\www\cyo-flarum\vendor\illuminate\container\BoundMethod.php(93): Illuminate\Container\Util::unwrapIfClosure(Object(Closure))
#17 C:\laragon\www\cyo-flarum\vendor\illuminate\container\BoundMethod.php(35): Illuminate\Container\BoundMethod::callBoundMethod(Object(Illuminate\Container\Container), Array, Object(Closure))
#18 C:\laragon\www\cyo-flarum\vendor\illuminate\container\Container.php(653): Illuminate\Container\BoundMethod::call(Object(Illuminate\Container\Container), Array, Array, NULL)
#19 C:\laragon\www\cyo-flarum\vendor\flarum\core\src\Foundation\Application.php(290): Illuminate\Container\Container->call(Array)
#20 C:\laragon\www\cyo-flarum\vendor\flarum\core\src\Foundation\Application.php(273): Flarum\Foundation\Application->bootProvider(Object(Flarum\Frontend\FrontendServiceProvider))
#21 [internal function]: Flarum\Foundation\Application->Flarum\Foundation\{closure}(Object(Flarum\Frontend\FrontendServiceProvider), 13)
#22 C:\laragon\www\cyo-flarum\vendor\flarum\core\src\Foundation\Application.php(272): array_walk(Array, Object(Closure))
#23 C:\laragon\www\cyo-flarum\vendor\flarum\core\src\Foundation\InstalledSite.php(151): Flarum\Foundation\Application->boot()
#24 C:\laragon\www\cyo-flarum\vendor\flarum\core\src\Foundation\InstalledSite.php(82): Flarum\Foundation\InstalledSite->bootLaravel()
#25 C:\laragon\www\cyo-flarum\vendor\flarum\core\src\Http\Server.php(59): Flarum\Foundation\InstalledSite->bootApp()
#26 C:\laragon\www\cyo-flarum\vendor\flarum\core\src\Http\Server.php(36): Flarum\Http\Server->safelyBootAndGetHandler()
#27 C:\laragon\www\cyo-flarum\public\index.php(26): Flarum\Http\Server->listen()
#28 {main}  
[2025-06-25 14:52:23] flarum.ERROR: FastRoute\BadRouteException: Static route "/flags" is shadowed by previously defined variable route "/([^/]+)" for method "GET" in C:\laragon\www\cyo-flarum\vendor\nikic\fast-route\src\DataGenerator\RegexBasedAbstract.php:64
Stack trace:
#0 C:\laragon\www\cyo-flarum\vendor\nikic\fast-route\src\DataGenerator\RegexBasedAbstract.php(18): FastRoute\DataGenerator\RegexBasedAbstract->addStaticRoute('GET', Array, Array)
#1 C:\laragon\www\cyo-flarum\vendor\flarum\core\src\Http\RouteCollection.php(101): FastRoute\DataGenerator\RegexBasedAbstract->addRoute('GET', Array, Array)
#2 C:\laragon\www\cyo-flarum\vendor\flarum\core\src\Http\RouteCollection.php(118): Flarum\Http\RouteCollection->applyRoutes()
#3 C:\laragon\www\cyo-flarum\vendor\flarum\core\src\Forum\ForumServiceProvider.php(221): Flarum\Http\RouteCollection->getRouteData()
#4 C:\laragon\www\cyo-flarum\vendor\flarum\core\src\Forum\ForumServiceProvider.php(59): Flarum\Forum\ForumServiceProvider->setDefaultRoute(Object(Flarum\Http\RouteCollection), Object(Illuminate\Container\Container))
#5 C:\laragon\www\cyo-flarum\vendor\illuminate\container\Container.php(1265): Flarum\Forum\ForumServiceProvider->Flarum\Forum\{closure}(Object(Flarum\Http\RouteCollection), Object(Illuminate\Container\Container))
#6 C:\laragon\www\cyo-flarum\vendor\illuminate\container\Container.php(1229): Illuminate\Container\Container->fireCallbackArray(Object(Flarum\Http\RouteCollection), Array)
#7 C:\laragon\www\cyo-flarum\vendor\illuminate\container\Container.php(1215): Illuminate\Container\Container->fireAfterResolvingCallbacks('flarum.forum.ro...', Object(Flarum\Http\RouteCollection))
#8 C:\laragon\www\cyo-flarum\vendor\illuminate\container\Container.php(778): Illuminate\Container\Container->fireResolvingCallbacks('flarum.forum.ro...', Object(Flarum\Http\RouteCollection))
#9 C:\laragon\www\cyo-flarum\vendor\illuminate\container\Container.php(694): Illuminate\Container\Container->resolve('flarum.forum.ro...', Array)
#10 C:\laragon\www\cyo-flarum\vendor\flarum\core\src\Forum\ForumServiceProvider.php(48): Illuminate\Container\Container->make('flarum.forum.ro...')
#11 C:\laragon\www\cyo-flarum\vendor\illuminate\container\Container.php(767): Flarum\Forum\ForumServiceProvider->Flarum\Forum\{closure}(Object(Flarum\Http\UrlGenerator), Object(Illuminate\Container\Container))
#12 C:\laragon\www\cyo-flarum\vendor\illuminate\container\Container.php(694): Illuminate\Container\Container->resolve('Flarum\\Http\\Url...', Array)
#13 C:\laragon\www\cyo-flarum\vendor\flarum\core\src\Frontend\FrontendServiceProvider.php(177): Illuminate\Container\Container->make('Flarum\\Http\\Url...')
#14 C:\laragon\www\cyo-flarum\vendor\illuminate\container\BoundMethod.php(36): Flarum\Frontend\FrontendServiceProvider->boot(Object(Illuminate\Container\Container), Object(Illuminate\View\Factory))
#15 C:\laragon\www\cyo-flarum\vendor\illuminate\container\Util.php(40): Illuminate\Container\BoundMethod::Illuminate\Container\{closure}()
#16 C:\laragon\www\cyo-flarum\vendor\illuminate\container\BoundMethod.php(93): Illuminate\Container\Util::unwrapIfClosure(Object(Closure))
#17 C:\laragon\www\cyo-flarum\vendor\illuminate\container\BoundMethod.php(35): Illuminate\Container\BoundMethod::callBoundMethod(Object(Illuminate\Container\Container), Array, Object(Closure))
#18 C:\laragon\www\cyo-flarum\vendor\illuminate\container\Container.php(653): Illuminate\Container\BoundMethod::call(Object(Illuminate\Container\Container), Array, Array, NULL)
#19 C:\laragon\www\cyo-flarum\vendor\flarum\core\src\Foundation\Application.php(290): Illuminate\Container\Container->call(Array)
#20 C:\laragon\www\cyo-flarum\vendor\flarum\core\src\Foundation\Application.php(273): Flarum\Foundation\Application->bootProvider(Object(Flarum\Frontend\FrontendServiceProvider))
#21 [internal function]: Flarum\Foundation\Application->Flarum\Foundation\{closure}(Object(Flarum\Frontend\FrontendServiceProvider), 13)
#22 C:\laragon\www\cyo-flarum\vendor\flarum\core\src\Foundation\Application.php(272): array_walk(Array, Object(Closure))
#23 C:\laragon\www\cyo-flarum\vendor\flarum\core\src\Foundation\InstalledSite.php(151): Flarum\Foundation\Application->boot()
#24 C:\laragon\www\cyo-flarum\vendor\flarum\core\src\Foundation\InstalledSite.php(82): Flarum\Foundation\InstalledSite->bootLaravel()
#25 C:\laragon\www\cyo-flarum\vendor\flarum\core\src\Http\Server.php(59): Flarum\Foundation\InstalledSite->bootApp()
#26 C:\laragon\www\cyo-flarum\vendor\flarum\core\src\Http\Server.php(36): Flarum\Http\Server->safelyBootAndGetHandler()
#27 C:\laragon\www\cyo-flarum\public\index.php(26): Flarum\Http\Server->listen()
#28 {main}  
