[2025-06-26 12:53:44] flarum.ERROR: TypeError: Xelson\Chat\Chat::build(): Argument #2 ($color) must be of type int, string given, called in C:\laragon\www\cyo-flarum\vendor\xelson\flarum-ext-chat\src\Commands\CreateChatHandler.php on line 82 and defined in C:\laragon\www\cyo-flarum\vendor\xelson\flarum-ext-chat\src\Chat.php:19
Stack trace:
#0 C:\laragon\www\cyo-flarum\vendor\xelson\flarum-ext-chat\src\Commands\CreateChatHandler.php(82): Xelson\Chat\Chat::build('', '', '', 0, 1, Object(Carbon\Carbon))
#1 C:\laragon\www\cyo-flarum\vendor\illuminate\bus\Dispatcher.php(122): Xelson\Chat\Commands\CreateChatHandler->handle(Object(Xelson\Chat\Commands\CreateChat))
#2 C:\laragon\www\cyo-flarum\vendor\illuminate\pipeline\Pipeline.php(128): Illuminate\Bus\Dispatcher->Illuminate\Bus\{closure}(Object(Xelson\Chat\Commands\CreateChat))
#3 C:\laragon\www\cyo-flarum\vendor\illuminate\pipeline\Pipeline.php(103): Illuminate\Pipeline\Pipeline->Illuminate\Pipeline\{closure}(Object(Xelson\Chat\Commands\CreateChat))
#4 C:\laragon\www\cyo-flarum\vendor\illuminate\bus\Dispatcher.php(132): Illuminate\Pipeline\Pipeline->then(Object(Closure))
#5 C:\laragon\www\cyo-flarum\vendor\illuminate\bus\Dispatcher.php(78): Illuminate\Bus\Dispatcher->dispatchNow(Object(Xelson\Chat\Commands\CreateChat))
#6 C:\laragon\www\cyo-flarum\vendor\xelson\flarum-ext-chat\src\Api\Controllers\CreateChatController.php(28): Illuminate\Bus\Dispatcher->dispatch(Object(Xelson\Chat\Commands\CreateChat))
#7 C:\laragon\www\cyo-flarum\vendor\flarum\core\src\Api\Controller\AbstractSerializeController.php(116): Xelson\Chat\Api\Controllers\CreateChatController->data(Object(Laminas\Diactoros\ServerRequest), Object(Tobscure\JsonApi\Document))
#8 C:\laragon\www\cyo-flarum\vendor\flarum\core\src\Api\Controller\AbstractCreateController.php(22): Flarum\Api\Controller\AbstractSerializeController->handle(Object(Laminas\Diactoros\ServerRequest))
#9 C:\laragon\www\cyo-flarum\vendor\flarum\core\src\Http\RouteHandlerFactory.php(41): Flarum\Api\Controller\AbstractCreateController->handle(Object(Laminas\Diactoros\ServerRequest))
#10 C:\laragon\www\cyo-flarum\vendor\flarum\core\src\Http\Middleware\ExecuteRoute.php(27): Flarum\Http\RouteHandlerFactory->Flarum\Http\{closure}(Object(Laminas\Diactoros\ServerRequest), Array)
#11 C:\laragon\www\cyo-flarum\vendor\laminas\laminas-stratigility\src\Next.php(49): Flarum\Http\Middleware\ExecuteRoute->process(Object(Laminas\Diactoros\ServerRequest), Object(Closure))
#12 C:\laragon\www\cyo-flarum\vendor\flarum\core\src\Api\Middleware\ThrottleApi.php(33): Laminas\Stratigility\Next->handle(Object(Laminas\Diactoros\ServerRequest))
#13 C:\laragon\www\cyo-flarum\vendor\laminas\laminas-stratigility\src\Next.php(49): Flarum\Api\Middleware\ThrottleApi->process(Object(Laminas\Diactoros\ServerRequest), Object(Laminas\Stratigility\Next))
#14 C:\laragon\www\cyo-flarum\vendor\flarum\core\src\Http\Middleware\CheckCsrfToken.php(44): Laminas\Stratigility\Next->handle(Object(Laminas\Diactoros\ServerRequest))
#15 C:\laragon\www\cyo-flarum\vendor\laminas\laminas-stratigility\src\Next.php(49): Flarum\Http\Middleware\CheckCsrfToken->process(Object(Laminas\Diactoros\ServerRequest), Object(Laminas\Stratigility\Next))
#16 C:\laragon\www\cyo-flarum\vendor\flarum\core\src\Http\Middleware\ResolveRoute.php(69): Laminas\Stratigility\Next->handle(Object(Laminas\Diactoros\ServerRequest))
#17 C:\laragon\www\cyo-flarum\vendor\laminas\laminas-stratigility\src\Next.php(49): Flarum\Http\Middleware\ResolveRoute->process(Object(Laminas\Diactoros\ServerRequest), Object(Laminas\Stratigility\Next))
#18 C:\laragon\www\cyo-flarum\vendor\flarum\core\src\Http\Middleware\SetLocale.php(51): Laminas\Stratigility\Next->handle(Object(Laminas\Diactoros\ServerRequest))
#19 C:\laragon\www\cyo-flarum\vendor\laminas\laminas-stratigility\src\Next.php(49): Flarum\Http\Middleware\SetLocale->process(Object(Laminas\Diactoros\ServerRequest), Object(Laminas\Stratigility\Next))
#20 C:\laragon\www\cyo-flarum\vendor\flarum\core\src\Http\Middleware\AuthenticateWithHeader.php(58): Laminas\Stratigility\Next->handle(Object(Laminas\Diactoros\ServerRequest))
#21 C:\laragon\www\cyo-flarum\vendor\laminas\laminas-stratigility\src\Next.php(49): Flarum\Http\Middleware\AuthenticateWithHeader->process(Object(Laminas\Diactoros\ServerRequest), Object(Laminas\Stratigility\Next))
#22 C:\laragon\www\cyo-flarum\vendor\flarum\core\src\Http\Middleware\AuthenticateWithSession.php(31): Laminas\Stratigility\Next->handle(Object(Laminas\Diactoros\ServerRequest))
#23 C:\laragon\www\cyo-flarum\vendor\laminas\laminas-stratigility\src\Next.php(49): Flarum\Http\Middleware\AuthenticateWithSession->process(Object(Laminas\Diactoros\ServerRequest), Object(Laminas\Stratigility\Next))
#24 C:\laragon\www\cyo-flarum\vendor\flarum\core\src\Http\Middleware\RememberFromCookie.php(63): Laminas\Stratigility\Next->handle(Object(Laminas\Diactoros\ServerRequest))
#25 C:\laragon\www\cyo-flarum\vendor\laminas\laminas-stratigility\src\Next.php(49): Flarum\Http\Middleware\RememberFromCookie->process(Object(Laminas\Diactoros\ServerRequest), Object(Laminas\Stratigility\Next))
#26 C:\laragon\www\cyo-flarum\vendor\flarum\core\src\Http\Middleware\StartSession.php(61): Laminas\Stratigility\Next->handle(Object(Laminas\Diactoros\ServerRequest))
#27 C:\laragon\www\cyo-flarum\vendor\laminas\laminas-stratigility\src\Next.php(49): Flarum\Http\Middleware\StartSession->process(Object(Laminas\Diactoros\ServerRequest), Object(Laminas\Stratigility\Next))
#28 C:\laragon\www\cyo-flarum\vendor\flarum\core\src\Api\Middleware\FakeHttpMethods.php(29): Laminas\Stratigility\Next->handle(Object(Laminas\Diactoros\ServerRequest))
#29 C:\laragon\www\cyo-flarum\vendor\laminas\laminas-stratigility\src\Next.php(49): Flarum\Api\Middleware\FakeHttpMethods->process(Object(Laminas\Diactoros\ServerRequest), Object(Laminas\Stratigility\Next))
#30 C:\laragon\www\cyo-flarum\vendor\flarum\core\src\Http\Middleware\ParseJsonBody.php(28): Laminas\Stratigility\Next->handle(Object(Laminas\Diactoros\ServerRequest))
#31 C:\laragon\www\cyo-flarum\vendor\laminas\laminas-stratigility\src\Next.php(49): Flarum\Http\Middleware\ParseJsonBody->process(Object(Laminas\Diactoros\ServerRequest), Object(Laminas\Stratigility\Next))
#32 C:\laragon\www\cyo-flarum\vendor\flarum\core\src\Http\Middleware\HandleErrors.php(57): Laminas\Stratigility\Next->handle(Object(Laminas\Diactoros\ServerRequest))
#33 C:\laragon\www\cyo-flarum\vendor\laminas\laminas-stratigility\src\Next.php(49): Flarum\Http\Middleware\HandleErrors->process(Object(Laminas\Diactoros\ServerRequest), Object(Laminas\Stratigility\Next))
#34 C:\laragon\www\cyo-flarum\vendor\flarum\core\src\Http\Middleware\InjectActorReference.php(25): Laminas\Stratigility\Next->handle(Object(Laminas\Diactoros\ServerRequest))
#35 C:\laragon\www\cyo-flarum\vendor\laminas\laminas-stratigility\src\Next.php(49): Flarum\Http\Middleware\InjectActorReference->process(Object(Laminas\Diactoros\ServerRequest), Object(Laminas\Stratigility\Next))
#36 C:\laragon\www\cyo-flarum\vendor\laminas\laminas-stratigility\src\MiddlewarePipe.php(81): Laminas\Stratigility\Next->handle(Object(Laminas\Diactoros\ServerRequest))
#37 C:\laragon\www\cyo-flarum\vendor\middlewares\request-handler\src\RequestHandler.php(84): Laminas\Stratigility\MiddlewarePipe->process(Object(Laminas\Diactoros\ServerRequest), Object(Laminas\Stratigility\Next))
#38 C:\laragon\www\cyo-flarum\vendor\laminas\laminas-stratigility\src\Next.php(49): Middlewares\RequestHandler->process(Object(Laminas\Diactoros\ServerRequest), Object(Laminas\Stratigility\Next))
#39 C:\laragon\www\cyo-flarum\vendor\middlewares\base-path-router\src\BasePathRouter.php(97): Laminas\Stratigility\Next->handle(Object(Laminas\Diactoros\ServerRequest))
#40 C:\laragon\www\cyo-flarum\vendor\laminas\laminas-stratigility\src\Next.php(49): Middlewares\BasePathRouter->process(Object(Laminas\Diactoros\ServerRequest), Object(Laminas\Stratigility\Next))
#41 C:\laragon\www\cyo-flarum\vendor\laminas\laminas-stratigility\src\Middleware\OriginalMessages.php(36): Laminas\Stratigility\Next->handle(Object(Laminas\Diactoros\ServerRequest))
#42 C:\laragon\www\cyo-flarum\vendor\laminas\laminas-stratigility\src\Next.php(49): Laminas\Stratigility\Middleware\OriginalMessages->process(Object(Laminas\Diactoros\ServerRequest), Object(Laminas\Stratigility\Next))
#43 C:\laragon\www\cyo-flarum\vendor\middlewares\base-path\src\BasePath.php(73): Laminas\Stratigility\Next->handle(Object(Laminas\Diactoros\ServerRequest))
#44 C:\laragon\www\cyo-flarum\vendor\laminas\laminas-stratigility\src\Next.php(49): Middlewares\BasePath->process(Object(Laminas\Diactoros\ServerRequest), Object(Laminas\Stratigility\Next))
#45 C:\laragon\www\cyo-flarum\vendor\flarum\core\src\Http\Middleware\ProcessIp.php(24): Laminas\Stratigility\Next->handle(Object(Laminas\Diactoros\ServerRequest))
#46 C:\laragon\www\cyo-flarum\vendor\laminas\laminas-stratigility\src\Next.php(49): Flarum\Http\Middleware\ProcessIp->process(Object(Laminas\Diactoros\ServerRequest), Object(Laminas\Stratigility\Next))
#47 C:\laragon\www\cyo-flarum\vendor\laminas\laminas-stratigility\src\MiddlewarePipe.php(81): Laminas\Stratigility\Next->handle(Object(Laminas\Diactoros\ServerRequest))
#48 C:\laragon\www\cyo-flarum\vendor\laminas\laminas-stratigility\src\MiddlewarePipe.php(70): Laminas\Stratigility\MiddlewarePipe->process(Object(Laminas\Diactoros\ServerRequest), Object(Laminas\Stratigility\EmptyPipelineHandler))
#49 C:\laragon\www\cyo-flarum\vendor\laminas\laminas-httphandlerrunner\src\RequestHandlerRunner.php(73): Laminas\Stratigility\MiddlewarePipe->handle(Object(Laminas\Diactoros\ServerRequest))
#50 C:\laragon\www\cyo-flarum\vendor\flarum\core\src\Http\Server.php(45): Laminas\HttpHandlerRunner\RequestHandlerRunner->run()
#51 C:\laragon\www\cyo-flarum\public\index.php(26): Flarum\Http\Server->listen()
#52 {main}  
[2025-06-26 12:54:13] flarum.ERROR: TypeError: Xelson\Chat\Chat::build(): Argument #2 ($color) must be of type int, string given, called in C:\laragon\www\cyo-flarum\vendor\xelson\flarum-ext-chat\src\Commands\CreateChatHandler.php on line 82 and defined in C:\laragon\www\cyo-flarum\vendor\xelson\flarum-ext-chat\src\Chat.php:19
Stack trace:
#0 C:\laragon\www\cyo-flarum\vendor\xelson\flarum-ext-chat\src\Commands\CreateChatHandler.php(82): Xelson\Chat\Chat::build('', '', '', 0, 1, Object(Carbon\Carbon))
#1 C:\laragon\www\cyo-flarum\vendor\illuminate\bus\Dispatcher.php(122): Xelson\Chat\Commands\CreateChatHandler->handle(Object(Xelson\Chat\Commands\CreateChat))
#2 C:\laragon\www\cyo-flarum\vendor\illuminate\pipeline\Pipeline.php(128): Illuminate\Bus\Dispatcher->Illuminate\Bus\{closure}(Object(Xelson\Chat\Commands\CreateChat))
#3 C:\laragon\www\cyo-flarum\vendor\illuminate\pipeline\Pipeline.php(103): Illuminate\Pipeline\Pipeline->Illuminate\Pipeline\{closure}(Object(Xelson\Chat\Commands\CreateChat))
#4 C:\laragon\www\cyo-flarum\vendor\illuminate\bus\Dispatcher.php(132): Illuminate\Pipeline\Pipeline->then(Object(Closure))
#5 C:\laragon\www\cyo-flarum\vendor\illuminate\bus\Dispatcher.php(78): Illuminate\Bus\Dispatcher->dispatchNow(Object(Xelson\Chat\Commands\CreateChat))
#6 C:\laragon\www\cyo-flarum\vendor\xelson\flarum-ext-chat\src\Api\Controllers\CreateChatController.php(28): Illuminate\Bus\Dispatcher->dispatch(Object(Xelson\Chat\Commands\CreateChat))
#7 C:\laragon\www\cyo-flarum\vendor\flarum\core\src\Api\Controller\AbstractSerializeController.php(116): Xelson\Chat\Api\Controllers\CreateChatController->data(Object(Laminas\Diactoros\ServerRequest), Object(Tobscure\JsonApi\Document))
#8 C:\laragon\www\cyo-flarum\vendor\flarum\core\src\Api\Controller\AbstractCreateController.php(22): Flarum\Api\Controller\AbstractSerializeController->handle(Object(Laminas\Diactoros\ServerRequest))
#9 C:\laragon\www\cyo-flarum\vendor\flarum\core\src\Http\RouteHandlerFactory.php(41): Flarum\Api\Controller\AbstractCreateController->handle(Object(Laminas\Diactoros\ServerRequest))
#10 C:\laragon\www\cyo-flarum\vendor\flarum\core\src\Http\Middleware\ExecuteRoute.php(27): Flarum\Http\RouteHandlerFactory->Flarum\Http\{closure}(Object(Laminas\Diactoros\ServerRequest), Array)
#11 C:\laragon\www\cyo-flarum\vendor\laminas\laminas-stratigility\src\Next.php(49): Flarum\Http\Middleware\ExecuteRoute->process(Object(Laminas\Diactoros\ServerRequest), Object(Closure))
#12 C:\laragon\www\cyo-flarum\vendor\flarum\core\src\Api\Middleware\ThrottleApi.php(33): Laminas\Stratigility\Next->handle(Object(Laminas\Diactoros\ServerRequest))
#13 C:\laragon\www\cyo-flarum\vendor\laminas\laminas-stratigility\src\Next.php(49): Flarum\Api\Middleware\ThrottleApi->process(Object(Laminas\Diactoros\ServerRequest), Object(Laminas\Stratigility\Next))
#14 C:\laragon\www\cyo-flarum\vendor\flarum\core\src\Http\Middleware\CheckCsrfToken.php(44): Laminas\Stratigility\Next->handle(Object(Laminas\Diactoros\ServerRequest))
#15 C:\laragon\www\cyo-flarum\vendor\laminas\laminas-stratigility\src\Next.php(49): Flarum\Http\Middleware\CheckCsrfToken->process(Object(Laminas\Diactoros\ServerRequest), Object(Laminas\Stratigility\Next))
#16 C:\laragon\www\cyo-flarum\vendor\flarum\core\src\Http\Middleware\ResolveRoute.php(69): Laminas\Stratigility\Next->handle(Object(Laminas\Diactoros\ServerRequest))
#17 C:\laragon\www\cyo-flarum\vendor\laminas\laminas-stratigility\src\Next.php(49): Flarum\Http\Middleware\ResolveRoute->process(Object(Laminas\Diactoros\ServerRequest), Object(Laminas\Stratigility\Next))
#18 C:\laragon\www\cyo-flarum\vendor\flarum\core\src\Http\Middleware\SetLocale.php(51): Laminas\Stratigility\Next->handle(Object(Laminas\Diactoros\ServerRequest))
#19 C:\laragon\www\cyo-flarum\vendor\laminas\laminas-stratigility\src\Next.php(49): Flarum\Http\Middleware\SetLocale->process(Object(Laminas\Diactoros\ServerRequest), Object(Laminas\Stratigility\Next))
#20 C:\laragon\www\cyo-flarum\vendor\flarum\core\src\Http\Middleware\AuthenticateWithHeader.php(58): Laminas\Stratigility\Next->handle(Object(Laminas\Diactoros\ServerRequest))
#21 C:\laragon\www\cyo-flarum\vendor\laminas\laminas-stratigility\src\Next.php(49): Flarum\Http\Middleware\AuthenticateWithHeader->process(Object(Laminas\Diactoros\ServerRequest), Object(Laminas\Stratigility\Next))
#22 C:\laragon\www\cyo-flarum\vendor\flarum\core\src\Http\Middleware\AuthenticateWithSession.php(31): Laminas\Stratigility\Next->handle(Object(Laminas\Diactoros\ServerRequest))
#23 C:\laragon\www\cyo-flarum\vendor\laminas\laminas-stratigility\src\Next.php(49): Flarum\Http\Middleware\AuthenticateWithSession->process(Object(Laminas\Diactoros\ServerRequest), Object(Laminas\Stratigility\Next))
#24 C:\laragon\www\cyo-flarum\vendor\flarum\core\src\Http\Middleware\RememberFromCookie.php(63): Laminas\Stratigility\Next->handle(Object(Laminas\Diactoros\ServerRequest))
#25 C:\laragon\www\cyo-flarum\vendor\laminas\laminas-stratigility\src\Next.php(49): Flarum\Http\Middleware\RememberFromCookie->process(Object(Laminas\Diactoros\ServerRequest), Object(Laminas\Stratigility\Next))
#26 C:\laragon\www\cyo-flarum\vendor\flarum\core\src\Http\Middleware\StartSession.php(61): Laminas\Stratigility\Next->handle(Object(Laminas\Diactoros\ServerRequest))
#27 C:\laragon\www\cyo-flarum\vendor\laminas\laminas-stratigility\src\Next.php(49): Flarum\Http\Middleware\StartSession->process(Object(Laminas\Diactoros\ServerRequest), Object(Laminas\Stratigility\Next))
#28 C:\laragon\www\cyo-flarum\vendor\flarum\core\src\Api\Middleware\FakeHttpMethods.php(29): Laminas\Stratigility\Next->handle(Object(Laminas\Diactoros\ServerRequest))
#29 C:\laragon\www\cyo-flarum\vendor\laminas\laminas-stratigility\src\Next.php(49): Flarum\Api\Middleware\FakeHttpMethods->process(Object(Laminas\Diactoros\ServerRequest), Object(Laminas\Stratigility\Next))
#30 C:\laragon\www\cyo-flarum\vendor\flarum\core\src\Http\Middleware\ParseJsonBody.php(28): Laminas\Stratigility\Next->handle(Object(Laminas\Diactoros\ServerRequest))
#31 C:\laragon\www\cyo-flarum\vendor\laminas\laminas-stratigility\src\Next.php(49): Flarum\Http\Middleware\ParseJsonBody->process(Object(Laminas\Diactoros\ServerRequest), Object(Laminas\Stratigility\Next))
#32 C:\laragon\www\cyo-flarum\vendor\flarum\core\src\Http\Middleware\HandleErrors.php(57): Laminas\Stratigility\Next->handle(Object(Laminas\Diactoros\ServerRequest))
#33 C:\laragon\www\cyo-flarum\vendor\laminas\laminas-stratigility\src\Next.php(49): Flarum\Http\Middleware\HandleErrors->process(Object(Laminas\Diactoros\ServerRequest), Object(Laminas\Stratigility\Next))
#34 C:\laragon\www\cyo-flarum\vendor\flarum\core\src\Http\Middleware\InjectActorReference.php(25): Laminas\Stratigility\Next->handle(Object(Laminas\Diactoros\ServerRequest))
#35 C:\laragon\www\cyo-flarum\vendor\laminas\laminas-stratigility\src\Next.php(49): Flarum\Http\Middleware\InjectActorReference->process(Object(Laminas\Diactoros\ServerRequest), Object(Laminas\Stratigility\Next))
#36 C:\laragon\www\cyo-flarum\vendor\laminas\laminas-stratigility\src\MiddlewarePipe.php(81): Laminas\Stratigility\Next->handle(Object(Laminas\Diactoros\ServerRequest))
#37 C:\laragon\www\cyo-flarum\vendor\middlewares\request-handler\src\RequestHandler.php(84): Laminas\Stratigility\MiddlewarePipe->process(Object(Laminas\Diactoros\ServerRequest), Object(Laminas\Stratigility\Next))
#38 C:\laragon\www\cyo-flarum\vendor\laminas\laminas-stratigility\src\Next.php(49): Middlewares\RequestHandler->process(Object(Laminas\Diactoros\ServerRequest), Object(Laminas\Stratigility\Next))
#39 C:\laragon\www\cyo-flarum\vendor\middlewares\base-path-router\src\BasePathRouter.php(97): Laminas\Stratigility\Next->handle(Object(Laminas\Diactoros\ServerRequest))
#40 C:\laragon\www\cyo-flarum\vendor\laminas\laminas-stratigility\src\Next.php(49): Middlewares\BasePathRouter->process(Object(Laminas\Diactoros\ServerRequest), Object(Laminas\Stratigility\Next))
#41 C:\laragon\www\cyo-flarum\vendor\laminas\laminas-stratigility\src\Middleware\OriginalMessages.php(36): Laminas\Stratigility\Next->handle(Object(Laminas\Diactoros\ServerRequest))
#42 C:\laragon\www\cyo-flarum\vendor\laminas\laminas-stratigility\src\Next.php(49): Laminas\Stratigility\Middleware\OriginalMessages->process(Object(Laminas\Diactoros\ServerRequest), Object(Laminas\Stratigility\Next))
#43 C:\laragon\www\cyo-flarum\vendor\middlewares\base-path\src\BasePath.php(73): Laminas\Stratigility\Next->handle(Object(Laminas\Diactoros\ServerRequest))
#44 C:\laragon\www\cyo-flarum\vendor\laminas\laminas-stratigility\src\Next.php(49): Middlewares\BasePath->process(Object(Laminas\Diactoros\ServerRequest), Object(Laminas\Stratigility\Next))
#45 C:\laragon\www\cyo-flarum\vendor\flarum\core\src\Http\Middleware\ProcessIp.php(24): Laminas\Stratigility\Next->handle(Object(Laminas\Diactoros\ServerRequest))
#46 C:\laragon\www\cyo-flarum\vendor\laminas\laminas-stratigility\src\Next.php(49): Flarum\Http\Middleware\ProcessIp->process(Object(Laminas\Diactoros\ServerRequest), Object(Laminas\Stratigility\Next))
#47 C:\laragon\www\cyo-flarum\vendor\laminas\laminas-stratigility\src\MiddlewarePipe.php(81): Laminas\Stratigility\Next->handle(Object(Laminas\Diactoros\ServerRequest))
#48 C:\laragon\www\cyo-flarum\vendor\laminas\laminas-stratigility\src\MiddlewarePipe.php(70): Laminas\Stratigility\MiddlewarePipe->process(Object(Laminas\Diactoros\ServerRequest), Object(Laminas\Stratigility\EmptyPipelineHandler))
#49 C:\laragon\www\cyo-flarum\vendor\laminas\laminas-httphandlerrunner\src\RequestHandlerRunner.php(73): Laminas\Stratigility\MiddlewarePipe->handle(Object(Laminas\Diactoros\ServerRequest))
#50 C:\laragon\www\cyo-flarum\vendor\flarum\core\src\Http\Server.php(45): Laminas\HttpHandlerRunner\RequestHandlerRunner->run()
#51 C:\laragon\www\cyo-flarum\public\index.php(26): Flarum\Http\Server->listen()
#52 {main}  
[2025-06-26 12:54:42] flarum.ERROR: TypeError: Xelson\Chat\Chat::build(): Argument #2 ($color) must be of type int, string given, called in C:\laragon\www\cyo-flarum\vendor\xelson\flarum-ext-chat\src\Commands\CreateChatHandler.php on line 82 and defined in C:\laragon\www\cyo-flarum\vendor\xelson\flarum-ext-chat\src\Chat.php:19
Stack trace:
#0 C:\laragon\www\cyo-flarum\vendor\xelson\flarum-ext-chat\src\Commands\CreateChatHandler.php(82): Xelson\Chat\Chat::build('', '', '', 0, 1, Object(Carbon\Carbon))
#1 C:\laragon\www\cyo-flarum\vendor\illuminate\bus\Dispatcher.php(122): Xelson\Chat\Commands\CreateChatHandler->handle(Object(Xelson\Chat\Commands\CreateChat))
#2 C:\laragon\www\cyo-flarum\vendor\illuminate\pipeline\Pipeline.php(128): Illuminate\Bus\Dispatcher->Illuminate\Bus\{closure}(Object(Xelson\Chat\Commands\CreateChat))
#3 C:\laragon\www\cyo-flarum\vendor\illuminate\pipeline\Pipeline.php(103): Illuminate\Pipeline\Pipeline->Illuminate\Pipeline\{closure}(Object(Xelson\Chat\Commands\CreateChat))
#4 C:\laragon\www\cyo-flarum\vendor\illuminate\bus\Dispatcher.php(132): Illuminate\Pipeline\Pipeline->then(Object(Closure))
#5 C:\laragon\www\cyo-flarum\vendor\illuminate\bus\Dispatcher.php(78): Illuminate\Bus\Dispatcher->dispatchNow(Object(Xelson\Chat\Commands\CreateChat))
#6 C:\laragon\www\cyo-flarum\vendor\xelson\flarum-ext-chat\src\Api\Controllers\CreateChatController.php(28): Illuminate\Bus\Dispatcher->dispatch(Object(Xelson\Chat\Commands\CreateChat))
#7 C:\laragon\www\cyo-flarum\vendor\flarum\core\src\Api\Controller\AbstractSerializeController.php(116): Xelson\Chat\Api\Controllers\CreateChatController->data(Object(Laminas\Diactoros\ServerRequest), Object(Tobscure\JsonApi\Document))
#8 C:\laragon\www\cyo-flarum\vendor\flarum\core\src\Api\Controller\AbstractCreateController.php(22): Flarum\Api\Controller\AbstractSerializeController->handle(Object(Laminas\Diactoros\ServerRequest))
#9 C:\laragon\www\cyo-flarum\vendor\flarum\core\src\Http\RouteHandlerFactory.php(41): Flarum\Api\Controller\AbstractCreateController->handle(Object(Laminas\Diactoros\ServerRequest))
#10 C:\laragon\www\cyo-flarum\vendor\flarum\core\src\Http\Middleware\ExecuteRoute.php(27): Flarum\Http\RouteHandlerFactory->Flarum\Http\{closure}(Object(Laminas\Diactoros\ServerRequest), Array)
#11 C:\laragon\www\cyo-flarum\vendor\laminas\laminas-stratigility\src\Next.php(49): Flarum\Http\Middleware\ExecuteRoute->process(Object(Laminas\Diactoros\ServerRequest), Object(Closure))
#12 C:\laragon\www\cyo-flarum\vendor\flarum\core\src\Api\Middleware\ThrottleApi.php(33): Laminas\Stratigility\Next->handle(Object(Laminas\Diactoros\ServerRequest))
#13 C:\laragon\www\cyo-flarum\vendor\laminas\laminas-stratigility\src\Next.php(49): Flarum\Api\Middleware\ThrottleApi->process(Object(Laminas\Diactoros\ServerRequest), Object(Laminas\Stratigility\Next))
#14 C:\laragon\www\cyo-flarum\vendor\flarum\core\src\Http\Middleware\CheckCsrfToken.php(44): Laminas\Stratigility\Next->handle(Object(Laminas\Diactoros\ServerRequest))
#15 C:\laragon\www\cyo-flarum\vendor\laminas\laminas-stratigility\src\Next.php(49): Flarum\Http\Middleware\CheckCsrfToken->process(Object(Laminas\Diactoros\ServerRequest), Object(Laminas\Stratigility\Next))
#16 C:\laragon\www\cyo-flarum\vendor\flarum\core\src\Http\Middleware\ResolveRoute.php(69): Laminas\Stratigility\Next->handle(Object(Laminas\Diactoros\ServerRequest))
#17 C:\laragon\www\cyo-flarum\vendor\laminas\laminas-stratigility\src\Next.php(49): Flarum\Http\Middleware\ResolveRoute->process(Object(Laminas\Diactoros\ServerRequest), Object(Laminas\Stratigility\Next))
#18 C:\laragon\www\cyo-flarum\vendor\flarum\core\src\Http\Middleware\SetLocale.php(51): Laminas\Stratigility\Next->handle(Object(Laminas\Diactoros\ServerRequest))
#19 C:\laragon\www\cyo-flarum\vendor\laminas\laminas-stratigility\src\Next.php(49): Flarum\Http\Middleware\SetLocale->process(Object(Laminas\Diactoros\ServerRequest), Object(Laminas\Stratigility\Next))
#20 C:\laragon\www\cyo-flarum\vendor\flarum\core\src\Http\Middleware\AuthenticateWithHeader.php(58): Laminas\Stratigility\Next->handle(Object(Laminas\Diactoros\ServerRequest))
#21 C:\laragon\www\cyo-flarum\vendor\laminas\laminas-stratigility\src\Next.php(49): Flarum\Http\Middleware\AuthenticateWithHeader->process(Object(Laminas\Diactoros\ServerRequest), Object(Laminas\Stratigility\Next))
#22 C:\laragon\www\cyo-flarum\vendor\flarum\core\src\Http\Middleware\AuthenticateWithSession.php(31): Laminas\Stratigility\Next->handle(Object(Laminas\Diactoros\ServerRequest))
#23 C:\laragon\www\cyo-flarum\vendor\laminas\laminas-stratigility\src\Next.php(49): Flarum\Http\Middleware\AuthenticateWithSession->process(Object(Laminas\Diactoros\ServerRequest), Object(Laminas\Stratigility\Next))
#24 C:\laragon\www\cyo-flarum\vendor\flarum\core\src\Http\Middleware\RememberFromCookie.php(63): Laminas\Stratigility\Next->handle(Object(Laminas\Diactoros\ServerRequest))
#25 C:\laragon\www\cyo-flarum\vendor\laminas\laminas-stratigility\src\Next.php(49): Flarum\Http\Middleware\RememberFromCookie->process(Object(Laminas\Diactoros\ServerRequest), Object(Laminas\Stratigility\Next))
#26 C:\laragon\www\cyo-flarum\vendor\flarum\core\src\Http\Middleware\StartSession.php(61): Laminas\Stratigility\Next->handle(Object(Laminas\Diactoros\ServerRequest))
#27 C:\laragon\www\cyo-flarum\vendor\laminas\laminas-stratigility\src\Next.php(49): Flarum\Http\Middleware\StartSession->process(Object(Laminas\Diactoros\ServerRequest), Object(Laminas\Stratigility\Next))
#28 C:\laragon\www\cyo-flarum\vendor\flarum\core\src\Api\Middleware\FakeHttpMethods.php(29): Laminas\Stratigility\Next->handle(Object(Laminas\Diactoros\ServerRequest))
#29 C:\laragon\www\cyo-flarum\vendor\laminas\laminas-stratigility\src\Next.php(49): Flarum\Api\Middleware\FakeHttpMethods->process(Object(Laminas\Diactoros\ServerRequest), Object(Laminas\Stratigility\Next))
#30 C:\laragon\www\cyo-flarum\vendor\flarum\core\src\Http\Middleware\ParseJsonBody.php(28): Laminas\Stratigility\Next->handle(Object(Laminas\Diactoros\ServerRequest))
#31 C:\laragon\www\cyo-flarum\vendor\laminas\laminas-stratigility\src\Next.php(49): Flarum\Http\Middleware\ParseJsonBody->process(Object(Laminas\Diactoros\ServerRequest), Object(Laminas\Stratigility\Next))
#32 C:\laragon\www\cyo-flarum\vendor\flarum\core\src\Http\Middleware\HandleErrors.php(57): Laminas\Stratigility\Next->handle(Object(Laminas\Diactoros\ServerRequest))
#33 C:\laragon\www\cyo-flarum\vendor\laminas\laminas-stratigility\src\Next.php(49): Flarum\Http\Middleware\HandleErrors->process(Object(Laminas\Diactoros\ServerRequest), Object(Laminas\Stratigility\Next))
#34 C:\laragon\www\cyo-flarum\vendor\flarum\core\src\Http\Middleware\InjectActorReference.php(25): Laminas\Stratigility\Next->handle(Object(Laminas\Diactoros\ServerRequest))
#35 C:\laragon\www\cyo-flarum\vendor\laminas\laminas-stratigility\src\Next.php(49): Flarum\Http\Middleware\InjectActorReference->process(Object(Laminas\Diactoros\ServerRequest), Object(Laminas\Stratigility\Next))
#36 C:\laragon\www\cyo-flarum\vendor\laminas\laminas-stratigility\src\MiddlewarePipe.php(81): Laminas\Stratigility\Next->handle(Object(Laminas\Diactoros\ServerRequest))
#37 C:\laragon\www\cyo-flarum\vendor\middlewares\request-handler\src\RequestHandler.php(84): Laminas\Stratigility\MiddlewarePipe->process(Object(Laminas\Diactoros\ServerRequest), Object(Laminas\Stratigility\Next))
#38 C:\laragon\www\cyo-flarum\vendor\laminas\laminas-stratigility\src\Next.php(49): Middlewares\RequestHandler->process(Object(Laminas\Diactoros\ServerRequest), Object(Laminas\Stratigility\Next))
#39 C:\laragon\www\cyo-flarum\vendor\middlewares\base-path-router\src\BasePathRouter.php(97): Laminas\Stratigility\Next->handle(Object(Laminas\Diactoros\ServerRequest))
#40 C:\laragon\www\cyo-flarum\vendor\laminas\laminas-stratigility\src\Next.php(49): Middlewares\BasePathRouter->process(Object(Laminas\Diactoros\ServerRequest), Object(Laminas\Stratigility\Next))
#41 C:\laragon\www\cyo-flarum\vendor\laminas\laminas-stratigility\src\Middleware\OriginalMessages.php(36): Laminas\Stratigility\Next->handle(Object(Laminas\Diactoros\ServerRequest))
#42 C:\laragon\www\cyo-flarum\vendor\laminas\laminas-stratigility\src\Next.php(49): Laminas\Stratigility\Middleware\OriginalMessages->process(Object(Laminas\Diactoros\ServerRequest), Object(Laminas\Stratigility\Next))
#43 C:\laragon\www\cyo-flarum\vendor\middlewares\base-path\src\BasePath.php(73): Laminas\Stratigility\Next->handle(Object(Laminas\Diactoros\ServerRequest))
#44 C:\laragon\www\cyo-flarum\vendor\laminas\laminas-stratigility\src\Next.php(49): Middlewares\BasePath->process(Object(Laminas\Diactoros\ServerRequest), Object(Laminas\Stratigility\Next))
#45 C:\laragon\www\cyo-flarum\vendor\flarum\core\src\Http\Middleware\ProcessIp.php(24): Laminas\Stratigility\Next->handle(Object(Laminas\Diactoros\ServerRequest))
#46 C:\laragon\www\cyo-flarum\vendor\laminas\laminas-stratigility\src\Next.php(49): Flarum\Http\Middleware\ProcessIp->process(Object(Laminas\Diactoros\ServerRequest), Object(Laminas\Stratigility\Next))
#47 C:\laragon\www\cyo-flarum\vendor\laminas\laminas-stratigility\src\MiddlewarePipe.php(81): Laminas\Stratigility\Next->handle(Object(Laminas\Diactoros\ServerRequest))
#48 C:\laragon\www\cyo-flarum\vendor\laminas\laminas-stratigility\src\MiddlewarePipe.php(70): Laminas\Stratigility\MiddlewarePipe->process(Object(Laminas\Diactoros\ServerRequest), Object(Laminas\Stratigility\EmptyPipelineHandler))
#49 C:\laragon\www\cyo-flarum\vendor\laminas\laminas-httphandlerrunner\src\RequestHandlerRunner.php(73): Laminas\Stratigility\MiddlewarePipe->handle(Object(Laminas\Diactoros\ServerRequest))
#50 C:\laragon\www\cyo-flarum\vendor\flarum\core\src\Http\Server.php(45): Laminas\HttpHandlerRunner\RequestHandlerRunner->run()
#51 C:\laragon\www\cyo-flarum\public\index.php(26): Flarum\Http\Server->listen()
#52 {main}  
[2025-06-26 13:05:57] flarum.ERROR: Swift_TransportException: Process could not be started [The system cannot find the path specified.
] in C:\laragon\www\cyo-flarum\vendor\swiftmailer\swiftmailer\lib\classes\Swift\Transport\StreamBuffer.php:294
Stack trace:
#0 C:\laragon\www\cyo-flarum\vendor\swiftmailer\swiftmailer\lib\classes\Swift\Transport\StreamBuffer.php(54): Swift_Transport_StreamBuffer->establishProcessConnection()
#1 C:\laragon\www\cyo-flarum\vendor\swiftmailer\swiftmailer\lib\classes\Swift\Transport\AbstractSmtpTransport.php(143): Swift_Transport_StreamBuffer->initialize(Array)
#2 C:\laragon\www\cyo-flarum\vendor\swiftmailer\swiftmailer\lib\classes\Swift\Transport\SendmailTransport.php(50): Swift_Transport_AbstractSmtpTransport->start()
#3 C:\laragon\www\cyo-flarum\vendor\swiftmailer\swiftmailer\lib\classes\Swift\Mailer.php(65): Swift_Transport_SendmailTransport->start()
#4 C:\laragon\www\cyo-flarum\vendor\illuminate\mail\Mailer.php(521): Swift_Mailer->send(Object(Swift_Message), Array)
#5 C:\laragon\www\cyo-flarum\vendor\illuminate\mail\Mailer.php(288): Illuminate\Mail\Mailer->sendSwiftMessage(Object(Swift_Message))
#6 C:\laragon\www\cyo-flarum\vendor\flarum\core\src\Notification\NotificationMailer.php(56): Illuminate\Mail\Mailer->send(NULL, Array, Object(Closure))
#7 C:\laragon\www\cyo-flarum\vendor\flarum\core\src\Notification\Job\SendEmailNotificationJob.php(39): Flarum\Notification\NotificationMailer->send(Object(IanM\FollowUsers\Notifications\NewPostByUserBlueprint), Object(Flarum\User\User))
#8 C:\laragon\www\cyo-flarum\vendor\illuminate\container\BoundMethod.php(36): Flarum\Notification\Job\SendEmailNotificationJob->handle(Object(Flarum\Notification\NotificationMailer))
#9 C:\laragon\www\cyo-flarum\vendor\illuminate\container\Util.php(40): Illuminate\Container\BoundMethod::Illuminate\Container\{closure}()
#10 C:\laragon\www\cyo-flarum\vendor\illuminate\container\BoundMethod.php(93): Illuminate\Container\Util::unwrapIfClosure(Object(Closure))
#11 C:\laragon\www\cyo-flarum\vendor\illuminate\container\BoundMethod.php(35): Illuminate\Container\BoundMethod::callBoundMethod(Object(Illuminate\Container\Container), Array, Object(Closure))
#12 C:\laragon\www\cyo-flarum\vendor\illuminate\container\Container.php(653): Illuminate\Container\BoundMethod::call(Object(Illuminate\Container\Container), Array, Array, NULL)
#13 C:\laragon\www\cyo-flarum\vendor\illuminate\bus\Dispatcher.php(128): Illuminate\Container\Container->call(Array)
#14 C:\laragon\www\cyo-flarum\vendor\illuminate\pipeline\Pipeline.php(128): Illuminate\Bus\Dispatcher->Illuminate\Bus\{closure}(Object(Flarum\Notification\Job\SendEmailNotificationJob))
#15 C:\laragon\www\cyo-flarum\vendor\illuminate\pipeline\Pipeline.php(103): Illuminate\Pipeline\Pipeline->Illuminate\Pipeline\{closure}(Object(Flarum\Notification\Job\SendEmailNotificationJob))
#16 C:\laragon\www\cyo-flarum\vendor\illuminate\bus\Dispatcher.php(132): Illuminate\Pipeline\Pipeline->then(Object(Closure))
#17 C:\laragon\www\cyo-flarum\vendor\illuminate\queue\CallQueuedHandler.php(119): Illuminate\Bus\Dispatcher->dispatchNow(Object(Flarum\Notification\Job\SendEmailNotificationJob), false)
#18 C:\laragon\www\cyo-flarum\vendor\illuminate\pipeline\Pipeline.php(128): Illuminate\Queue\CallQueuedHandler->Illuminate\Queue\{closure}(Object(Flarum\Notification\Job\SendEmailNotificationJob))
#19 C:\laragon\www\cyo-flarum\vendor\illuminate\pipeline\Pipeline.php(103): Illuminate\Pipeline\Pipeline->Illuminate\Pipeline\{closure}(Object(Flarum\Notification\Job\SendEmailNotificationJob))
#20 C:\laragon\www\cyo-flarum\vendor\illuminate\queue\CallQueuedHandler.php(118): Illuminate\Pipeline\Pipeline->then(Object(Closure))
#21 C:\laragon\www\cyo-flarum\vendor\illuminate\queue\CallQueuedHandler.php(70): Illuminate\Queue\CallQueuedHandler->dispatchThroughMiddleware(Object(Illuminate\Queue\Jobs\SyncJob), Object(Flarum\Notification\Job\SendEmailNotificationJob))
#22 C:\laragon\www\cyo-flarum\vendor\illuminate\queue\Jobs\Job.php(98): Illuminate\Queue\CallQueuedHandler->call(Object(Illuminate\Queue\Jobs\SyncJob), Array)
#23 C:\laragon\www\cyo-flarum\vendor\illuminate\queue\SyncQueue.php(43): Illuminate\Queue\Jobs\Job->fire()
#24 C:\laragon\www\cyo-flarum\vendor\flarum\core\src\Notification\Driver\EmailNotificationDriver.php(51): Illuminate\Queue\SyncQueue->push(Object(Flarum\Notification\Job\SendEmailNotificationJob))
#25 C:\laragon\www\cyo-flarum\vendor\flarum\core\src\Notification\Driver\EmailNotificationDriver.php(37): Flarum\Notification\Driver\EmailNotificationDriver->mailNotifications(Object(IanM\FollowUsers\Notifications\NewPostByUserBlueprint), Array)
#26 C:\laragon\www\cyo-flarum\vendor\flarum\core\src\Notification\NotificationSyncer.php(110): Flarum\Notification\Driver\EmailNotificationDriver->send(Object(IanM\FollowUsers\Notifications\NewPostByUserBlueprint), Array)
#27 C:\laragon\www\cyo-flarum\vendor\ianm\follow-users\src\Jobs\SendNotificationWhenFollowerPosted.php(59): Flarum\Notification\NotificationSyncer->sync(Object(IanM\FollowUsers\Notifications\NewPostByUserBlueprint), Array)
#28 C:\laragon\www\cyo-flarum\vendor\illuminate\container\BoundMethod.php(36): IanM\FollowUsers\Jobs\SendNotificationWhenFollowerPosted->handle(Object(Flarum\Notification\NotificationSyncer))
#29 C:\laragon\www\cyo-flarum\vendor\illuminate\container\Util.php(40): Illuminate\Container\BoundMethod::Illuminate\Container\{closure}()
#30 C:\laragon\www\cyo-flarum\vendor\illuminate\container\BoundMethod.php(93): Illuminate\Container\Util::unwrapIfClosure(Object(Closure))
#31 C:\laragon\www\cyo-flarum\vendor\illuminate\container\BoundMethod.php(35): Illuminate\Container\BoundMethod::callBoundMethod(Object(Illuminate\Container\Container), Array, Object(Closure))
#32 C:\laragon\www\cyo-flarum\vendor\illuminate\container\Container.php(653): Illuminate\Container\BoundMethod::call(Object(Illuminate\Container\Container), Array, Array, NULL)
#33 C:\laragon\www\cyo-flarum\vendor\illuminate\bus\Dispatcher.php(128): Illuminate\Container\Container->call(Array)
#34 C:\laragon\www\cyo-flarum\vendor\illuminate\pipeline\Pipeline.php(128): Illuminate\Bus\Dispatcher->Illuminate\Bus\{closure}(Object(IanM\FollowUsers\Jobs\SendNotificationWhenFollowerPosted))
#35 C:\laragon\www\cyo-flarum\vendor\illuminate\pipeline\Pipeline.php(103): Illuminate\Pipeline\Pipeline->Illuminate\Pipeline\{closure}(Object(IanM\FollowUsers\Jobs\SendNotificationWhenFollowerPosted))
#36 C:\laragon\www\cyo-flarum\vendor\illuminate\bus\Dispatcher.php(132): Illuminate\Pipeline\Pipeline->then(Object(Closure))
#37 C:\laragon\www\cyo-flarum\vendor\illuminate\queue\CallQueuedHandler.php(119): Illuminate\Bus\Dispatcher->dispatchNow(Object(IanM\FollowUsers\Jobs\SendNotificationWhenFollowerPosted), false)
#38 C:\laragon\www\cyo-flarum\vendor\illuminate\pipeline\Pipeline.php(128): Illuminate\Queue\CallQueuedHandler->Illuminate\Queue\{closure}(Object(IanM\FollowUsers\Jobs\SendNotificationWhenFollowerPosted))
#39 C:\laragon\www\cyo-flarum\vendor\illuminate\pipeline\Pipeline.php(103): Illuminate\Pipeline\Pipeline->Illuminate\Pipeline\{closure}(Object(IanM\FollowUsers\Jobs\SendNotificationWhenFollowerPosted))
#40 C:\laragon\www\cyo-flarum\vendor\illuminate\queue\CallQueuedHandler.php(118): Illuminate\Pipeline\Pipeline->then(Object(Closure))
#41 C:\laragon\www\cyo-flarum\vendor\illuminate\queue\CallQueuedHandler.php(70): Illuminate\Queue\CallQueuedHandler->dispatchThroughMiddleware(Object(Illuminate\Queue\Jobs\SyncJob), Object(IanM\FollowUsers\Jobs\SendNotificationWhenFollowerPosted))
#42 C:\laragon\www\cyo-flarum\vendor\illuminate\queue\Jobs\Job.php(98): Illuminate\Queue\CallQueuedHandler->call(Object(Illuminate\Queue\Jobs\SyncJob), Array)
#43 C:\laragon\www\cyo-flarum\vendor\illuminate\queue\SyncQueue.php(43): Illuminate\Queue\Jobs\Job->fire()
#44 C:\laragon\www\cyo-flarum\vendor\ianm\follow-users\src\Listeners\QueueNotificationJobs.php(77): Illuminate\Queue\SyncQueue->push(Object(IanM\FollowUsers\Jobs\SendNotificationWhenFollowerPosted))
#45 C:\laragon\www\cyo-flarum\vendor\flarum\core\src\Database\AbstractModel.php(83): IanM\FollowUsers\Listeners\QueueNotificationJobs->IanM\FollowUsers\Listeners\{closure}(Object(Flarum\Post\CommentPost))
#46 C:\laragon\www\cyo-flarum\vendor\illuminate\events\Dispatcher.php(404): Flarum\Database\AbstractModel::Flarum\Database\{closure}(Object(Flarum\Post\CommentPost))
#47 C:\laragon\www\cyo-flarum\vendor\illuminate\events\Dispatcher.php(249): Illuminate\Events\Dispatcher->Illuminate\Events\{closure}('eloquent.saved:...', Array)
#48 C:\laragon\www\cyo-flarum\vendor\illuminate\database\Eloquent\Concerns\HasEvents.php(188): Illuminate\Events\Dispatcher->dispatch('eloquent.saved:...', Array)
#49 C:\laragon\www\cyo-flarum\vendor\illuminate\database\Eloquent\Model.php(1035): Illuminate\Database\Eloquent\Model->fireModelEvent('saved', false)
#50 C:\laragon\www\cyo-flarum\vendor\illuminate\database\Eloquent\Model.php(1006): Illuminate\Database\Eloquent\Model->finishSave(Array)
#51 C:\laragon\www\cyo-flarum\vendor\flarum\core\src\Post\Command\PostReplyHandler.php(102): Illuminate\Database\Eloquent\Model->save()
#52 C:\laragon\www\cyo-flarum\vendor\illuminate\bus\Dispatcher.php(122): Flarum\Post\Command\PostReplyHandler->handle(Object(Flarum\Post\Command\PostReply))
#53 C:\laragon\www\cyo-flarum\vendor\illuminate\pipeline\Pipeline.php(128): Illuminate\Bus\Dispatcher->Illuminate\Bus\{closure}(Object(Flarum\Post\Command\PostReply))
#54 C:\laragon\www\cyo-flarum\vendor\illuminate\pipeline\Pipeline.php(103): Illuminate\Pipeline\Pipeline->Illuminate\Pipeline\{closure}(Object(Flarum\Post\Command\PostReply))
#55 C:\laragon\www\cyo-flarum\vendor\illuminate\bus\Dispatcher.php(132): Illuminate\Pipeline\Pipeline->then(Object(Closure))
#56 C:\laragon\www\cyo-flarum\vendor\illuminate\bus\Dispatcher.php(78): Illuminate\Bus\Dispatcher->dispatchNow(Object(Flarum\Post\Command\PostReply))
#57 C:\laragon\www\cyo-flarum\vendor\flarum\core\src\Api\Controller\CreatePostController.php(61): Illuminate\Bus\Dispatcher->dispatch(Object(Flarum\Post\Command\PostReply))
#58 C:\laragon\www\cyo-flarum\vendor\flarum\core\src\Api\Controller\AbstractSerializeController.php(116): Flarum\Api\Controller\CreatePostController->data(Object(Laminas\Diactoros\ServerRequest), Object(Tobscure\JsonApi\Document))
#59 C:\laragon\www\cyo-flarum\vendor\flarum\core\src\Api\Controller\AbstractCreateController.php(22): Flarum\Api\Controller\AbstractSerializeController->handle(Object(Laminas\Diactoros\ServerRequest))
#60 C:\laragon\www\cyo-flarum\vendor\flarum\core\src\Http\RouteHandlerFactory.php(41): Flarum\Api\Controller\AbstractCreateController->handle(Object(Laminas\Diactoros\ServerRequest))
#61 C:\laragon\www\cyo-flarum\vendor\flarum\core\src\Http\Middleware\ExecuteRoute.php(27): Flarum\Http\RouteHandlerFactory->Flarum\Http\{closure}(Object(Laminas\Diactoros\ServerRequest), Array)
#62 C:\laragon\www\cyo-flarum\vendor\laminas\laminas-stratigility\src\Next.php(49): Flarum\Http\Middleware\ExecuteRoute->process(Object(Laminas\Diactoros\ServerRequest), Object(Closure))
#63 C:\laragon\www\cyo-flarum\vendor\flarum\core\src\Api\Middleware\ThrottleApi.php(33): Laminas\Stratigility\Next->handle(Object(Laminas\Diactoros\ServerRequest))
#64 C:\laragon\www\cyo-flarum\vendor\laminas\laminas-stratigility\src\Next.php(49): Flarum\Api\Middleware\ThrottleApi->process(Object(Laminas\Diactoros\ServerRequest), Object(Laminas\Stratigility\Next))
#65 C:\laragon\www\cyo-flarum\vendor\flarum\core\src\Http\Middleware\CheckCsrfToken.php(44): Laminas\Stratigility\Next->handle(Object(Laminas\Diactoros\ServerRequest))
#66 C:\laragon\www\cyo-flarum\vendor\laminas\laminas-stratigility\src\Next.php(49): Flarum\Http\Middleware\CheckCsrfToken->process(Object(Laminas\Diactoros\ServerRequest), Object(Laminas\Stratigility\Next))
#67 C:\laragon\www\cyo-flarum\vendor\flarum\core\src\Http\Middleware\ResolveRoute.php(69): Laminas\Stratigility\Next->handle(Object(Laminas\Diactoros\ServerRequest))
#68 C:\laragon\www\cyo-flarum\vendor\laminas\laminas-stratigility\src\Next.php(49): Flarum\Http\Middleware\ResolveRoute->process(Object(Laminas\Diactoros\ServerRequest), Object(Laminas\Stratigility\Next))
#69 C:\laragon\www\cyo-flarum\vendor\flarum\core\src\Http\Middleware\SetLocale.php(51): Laminas\Stratigility\Next->handle(Object(Laminas\Diactoros\ServerRequest))
#70 C:\laragon\www\cyo-flarum\vendor\laminas\laminas-stratigility\src\Next.php(49): Flarum\Http\Middleware\SetLocale->process(Object(Laminas\Diactoros\ServerRequest), Object(Laminas\Stratigility\Next))
#71 C:\laragon\www\cyo-flarum\vendor\flarum\core\src\Http\Middleware\AuthenticateWithHeader.php(58): Laminas\Stratigility\Next->handle(Object(Laminas\Diactoros\ServerRequest))
#72 C:\laragon\www\cyo-flarum\vendor\laminas\laminas-stratigility\src\Next.php(49): Flarum\Http\Middleware\AuthenticateWithHeader->process(Object(Laminas\Diactoros\ServerRequest), Object(Laminas\Stratigility\Next))
#73 C:\laragon\www\cyo-flarum\vendor\flarum\core\src\Http\Middleware\AuthenticateWithSession.php(31): Laminas\Stratigility\Next->handle(Object(Laminas\Diactoros\ServerRequest))
#74 C:\laragon\www\cyo-flarum\vendor\laminas\laminas-stratigility\src\Next.php(49): Flarum\Http\Middleware\AuthenticateWithSession->process(Object(Laminas\Diactoros\ServerRequest), Object(Laminas\Stratigility\Next))
#75 C:\laragon\www\cyo-flarum\vendor\flarum\core\src\Http\Middleware\RememberFromCookie.php(63): Laminas\Stratigility\Next->handle(Object(Laminas\Diactoros\ServerRequest))
#76 C:\laragon\www\cyo-flarum\vendor\laminas\laminas-stratigility\src\Next.php(49): Flarum\Http\Middleware\RememberFromCookie->process(Object(Laminas\Diactoros\ServerRequest), Object(Laminas\Stratigility\Next))
#77 C:\laragon\www\cyo-flarum\vendor\flarum\core\src\Http\Middleware\StartSession.php(61): Laminas\Stratigility\Next->handle(Object(Laminas\Diactoros\ServerRequest))
#78 C:\laragon\www\cyo-flarum\vendor\laminas\laminas-stratigility\src\Next.php(49): Flarum\Http\Middleware\StartSession->process(Object(Laminas\Diactoros\ServerRequest), Object(Laminas\Stratigility\Next))
#79 C:\laragon\www\cyo-flarum\vendor\flarum\core\src\Api\Middleware\FakeHttpMethods.php(29): Laminas\Stratigility\Next->handle(Object(Laminas\Diactoros\ServerRequest))
#80 C:\laragon\www\cyo-flarum\vendor\laminas\laminas-stratigility\src\Next.php(49): Flarum\Api\Middleware\FakeHttpMethods->process(Object(Laminas\Diactoros\ServerRequest), Object(Laminas\Stratigility\Next))
#81 C:\laragon\www\cyo-flarum\vendor\flarum\core\src\Http\Middleware\ParseJsonBody.php(28): Laminas\Stratigility\Next->handle(Object(Laminas\Diactoros\ServerRequest))
#82 C:\laragon\www\cyo-flarum\vendor\laminas\laminas-stratigility\src\Next.php(49): Flarum\Http\Middleware\ParseJsonBody->process(Object(Laminas\Diactoros\ServerRequest), Object(Laminas\Stratigility\Next))
#83 C:\laragon\www\cyo-flarum\vendor\flarum\core\src\Http\Middleware\HandleErrors.php(57): Laminas\Stratigility\Next->handle(Object(Laminas\Diactoros\ServerRequest))
#84 C:\laragon\www\cyo-flarum\vendor\laminas\laminas-stratigility\src\Next.php(49): Flarum\Http\Middleware\HandleErrors->process(Object(Laminas\Diactoros\ServerRequest), Object(Laminas\Stratigility\Next))
#85 C:\laragon\www\cyo-flarum\vendor\flarum\core\src\Http\Middleware\InjectActorReference.php(25): Laminas\Stratigility\Next->handle(Object(Laminas\Diactoros\ServerRequest))
#86 C:\laragon\www\cyo-flarum\vendor\laminas\laminas-stratigility\src\Next.php(49): Flarum\Http\Middleware\InjectActorReference->process(Object(Laminas\Diactoros\ServerRequest), Object(Laminas\Stratigility\Next))
#87 C:\laragon\www\cyo-flarum\vendor\laminas\laminas-stratigility\src\MiddlewarePipe.php(81): Laminas\Stratigility\Next->handle(Object(Laminas\Diactoros\ServerRequest))
#88 C:\laragon\www\cyo-flarum\vendor\middlewares\request-handler\src\RequestHandler.php(84): Laminas\Stratigility\MiddlewarePipe->process(Object(Laminas\Diactoros\ServerRequest), Object(Laminas\Stratigility\Next))
#89 C:\laragon\www\cyo-flarum\vendor\laminas\laminas-stratigility\src\Next.php(49): Middlewares\RequestHandler->process(Object(Laminas\Diactoros\ServerRequest), Object(Laminas\Stratigility\Next))
#90 C:\laragon\www\cyo-flarum\vendor\middlewares\base-path-router\src\BasePathRouter.php(97): Laminas\Stratigility\Next->handle(Object(Laminas\Diactoros\ServerRequest))
#91 C:\laragon\www\cyo-flarum\vendor\laminas\laminas-stratigility\src\Next.php(49): Middlewares\BasePathRouter->process(Object(Laminas\Diactoros\ServerRequest), Object(Laminas\Stratigility\Next))
#92 C:\laragon\www\cyo-flarum\vendor\laminas\laminas-stratigility\src\Middleware\OriginalMessages.php(36): Laminas\Stratigility\Next->handle(Object(Laminas\Diactoros\ServerRequest))
#93 C:\laragon\www\cyo-flarum\vendor\laminas\laminas-stratigility\src\Next.php(49): Laminas\Stratigility\Middleware\OriginalMessages->process(Object(Laminas\Diactoros\ServerRequest), Object(Laminas\Stratigility\Next))
#94 C:\laragon\www\cyo-flarum\vendor\middlewares\base-path\src\BasePath.php(73): Laminas\Stratigility\Next->handle(Object(Laminas\Diactoros\ServerRequest))
#95 C:\laragon\www\cyo-flarum\vendor\laminas\laminas-stratigility\src\Next.php(49): Middlewares\BasePath->process(Object(Laminas\Diactoros\ServerRequest), Object(Laminas\Stratigility\Next))
#96 C:\laragon\www\cyo-flarum\vendor\flarum\core\src\Http\Middleware\ProcessIp.php(24): Laminas\Stratigility\Next->handle(Object(Laminas\Diactoros\ServerRequest))
#97 C:\laragon\www\cyo-flarum\vendor\laminas\laminas-stratigility\src\Next.php(49): Flarum\Http\Middleware\ProcessIp->process(Object(Laminas\Diactoros\ServerRequest), Object(Laminas\Stratigility\Next))
#98 C:\laragon\www\cyo-flarum\vendor\laminas\laminas-stratigility\src\MiddlewarePipe.php(81): Laminas\Stratigility\Next->handle(Object(Laminas\Diactoros\ServerRequest))
#99 C:\laragon\www\cyo-flarum\vendor\laminas\laminas-stratigility\src\MiddlewarePipe.php(70): Laminas\Stratigility\MiddlewarePipe->process(Object(Laminas\Diactoros\ServerRequest), Object(Laminas\Stratigility\EmptyPipelineHandler))
#100 C:\laragon\www\cyo-flarum\vendor\laminas\laminas-httphandlerrunner\src\RequestHandlerRunner.php(73): Laminas\Stratigility\MiddlewarePipe->handle(Object(Laminas\Diactoros\ServerRequest))
#101 C:\laragon\www\cyo-flarum\vendor\flarum\core\src\Http\Server.php(45): Laminas\HttpHandlerRunner\RequestHandlerRunner->run()
#102 C:\laragon\www\cyo-flarum\public\index.php(26): Flarum\Http\Server->listen()
#103 {main}  
[2025-06-26 13:05:57] flarum.ERROR: Swift_TransportException: Process could not be started [The system cannot find the path specified.
] in C:\laragon\www\cyo-flarum\vendor\swiftmailer\swiftmailer\lib\classes\Swift\Transport\StreamBuffer.php:294
Stack trace:
#0 C:\laragon\www\cyo-flarum\vendor\swiftmailer\swiftmailer\lib\classes\Swift\Transport\StreamBuffer.php(54): Swift_Transport_StreamBuffer->establishProcessConnection()
#1 C:\laragon\www\cyo-flarum\vendor\swiftmailer\swiftmailer\lib\classes\Swift\Transport\AbstractSmtpTransport.php(143): Swift_Transport_StreamBuffer->initialize(Array)
#2 C:\laragon\www\cyo-flarum\vendor\swiftmailer\swiftmailer\lib\classes\Swift\Transport\SendmailTransport.php(50): Swift_Transport_AbstractSmtpTransport->start()
#3 C:\laragon\www\cyo-flarum\vendor\swiftmailer\swiftmailer\lib\classes\Swift\Mailer.php(65): Swift_Transport_SendmailTransport->start()
#4 C:\laragon\www\cyo-flarum\vendor\illuminate\mail\Mailer.php(521): Swift_Mailer->send(Object(Swift_Message), Array)
#5 C:\laragon\www\cyo-flarum\vendor\illuminate\mail\Mailer.php(288): Illuminate\Mail\Mailer->sendSwiftMessage(Object(Swift_Message))
#6 C:\laragon\www\cyo-flarum\vendor\flarum\core\src\Notification\NotificationMailer.php(56): Illuminate\Mail\Mailer->send(NULL, Array, Object(Closure))
#7 C:\laragon\www\cyo-flarum\vendor\flarum\core\src\Notification\Job\SendEmailNotificationJob.php(39): Flarum\Notification\NotificationMailer->send(Object(IanM\FollowUsers\Notifications\NewPostByUserBlueprint), Object(Flarum\User\User))
#8 C:\laragon\www\cyo-flarum\vendor\illuminate\container\BoundMethod.php(36): Flarum\Notification\Job\SendEmailNotificationJob->handle(Object(Flarum\Notification\NotificationMailer))
#9 C:\laragon\www\cyo-flarum\vendor\illuminate\container\Util.php(40): Illuminate\Container\BoundMethod::Illuminate\Container\{closure}()
#10 C:\laragon\www\cyo-flarum\vendor\illuminate\container\BoundMethod.php(93): Illuminate\Container\Util::unwrapIfClosure(Object(Closure))
#11 C:\laragon\www\cyo-flarum\vendor\illuminate\container\BoundMethod.php(35): Illuminate\Container\BoundMethod::callBoundMethod(Object(Illuminate\Container\Container), Array, Object(Closure))
#12 C:\laragon\www\cyo-flarum\vendor\illuminate\container\Container.php(653): Illuminate\Container\BoundMethod::call(Object(Illuminate\Container\Container), Array, Array, NULL)
#13 C:\laragon\www\cyo-flarum\vendor\illuminate\bus\Dispatcher.php(128): Illuminate\Container\Container->call(Array)
#14 C:\laragon\www\cyo-flarum\vendor\illuminate\pipeline\Pipeline.php(128): Illuminate\Bus\Dispatcher->Illuminate\Bus\{closure}(Object(Flarum\Notification\Job\SendEmailNotificationJob))
#15 C:\laragon\www\cyo-flarum\vendor\illuminate\pipeline\Pipeline.php(103): Illuminate\Pipeline\Pipeline->Illuminate\Pipeline\{closure}(Object(Flarum\Notification\Job\SendEmailNotificationJob))
#16 C:\laragon\www\cyo-flarum\vendor\illuminate\bus\Dispatcher.php(132): Illuminate\Pipeline\Pipeline->then(Object(Closure))
#17 C:\laragon\www\cyo-flarum\vendor\illuminate\queue\CallQueuedHandler.php(119): Illuminate\Bus\Dispatcher->dispatchNow(Object(Flarum\Notification\Job\SendEmailNotificationJob), false)
#18 C:\laragon\www\cyo-flarum\vendor\illuminate\pipeline\Pipeline.php(128): Illuminate\Queue\CallQueuedHandler->Illuminate\Queue\{closure}(Object(Flarum\Notification\Job\SendEmailNotificationJob))
#19 C:\laragon\www\cyo-flarum\vendor\illuminate\pipeline\Pipeline.php(103): Illuminate\Pipeline\Pipeline->Illuminate\Pipeline\{closure}(Object(Flarum\Notification\Job\SendEmailNotificationJob))
#20 C:\laragon\www\cyo-flarum\vendor\illuminate\queue\CallQueuedHandler.php(118): Illuminate\Pipeline\Pipeline->then(Object(Closure))
#21 C:\laragon\www\cyo-flarum\vendor\illuminate\queue\CallQueuedHandler.php(70): Illuminate\Queue\CallQueuedHandler->dispatchThroughMiddleware(Object(Illuminate\Queue\Jobs\SyncJob), Object(Flarum\Notification\Job\SendEmailNotificationJob))
#22 C:\laragon\www\cyo-flarum\vendor\illuminate\queue\Jobs\Job.php(98): Illuminate\Queue\CallQueuedHandler->call(Object(Illuminate\Queue\Jobs\SyncJob), Array)
#23 C:\laragon\www\cyo-flarum\vendor\illuminate\queue\SyncQueue.php(43): Illuminate\Queue\Jobs\Job->fire()
#24 C:\laragon\www\cyo-flarum\vendor\flarum\core\src\Notification\Driver\EmailNotificationDriver.php(51): Illuminate\Queue\SyncQueue->push(Object(Flarum\Notification\Job\SendEmailNotificationJob))
#25 C:\laragon\www\cyo-flarum\vendor\flarum\core\src\Notification\Driver\EmailNotificationDriver.php(37): Flarum\Notification\Driver\EmailNotificationDriver->mailNotifications(Object(IanM\FollowUsers\Notifications\NewPostByUserBlueprint), Array)
#26 C:\laragon\www\cyo-flarum\vendor\flarum\core\src\Notification\NotificationSyncer.php(110): Flarum\Notification\Driver\EmailNotificationDriver->send(Object(IanM\FollowUsers\Notifications\NewPostByUserBlueprint), Array)
#27 C:\laragon\www\cyo-flarum\vendor\ianm\follow-users\src\Jobs\SendNotificationWhenFollowerPosted.php(59): Flarum\Notification\NotificationSyncer->sync(Object(IanM\FollowUsers\Notifications\NewPostByUserBlueprint), Array)
#28 C:\laragon\www\cyo-flarum\vendor\illuminate\container\BoundMethod.php(36): IanM\FollowUsers\Jobs\SendNotificationWhenFollowerPosted->handle(Object(Flarum\Notification\NotificationSyncer))
#29 C:\laragon\www\cyo-flarum\vendor\illuminate\container\Util.php(40): Illuminate\Container\BoundMethod::Illuminate\Container\{closure}()
#30 C:\laragon\www\cyo-flarum\vendor\illuminate\container\BoundMethod.php(93): Illuminate\Container\Util::unwrapIfClosure(Object(Closure))
#31 C:\laragon\www\cyo-flarum\vendor\illuminate\container\BoundMethod.php(35): Illuminate\Container\BoundMethod::callBoundMethod(Object(Illuminate\Container\Container), Array, Object(Closure))
#32 C:\laragon\www\cyo-flarum\vendor\illuminate\container\Container.php(653): Illuminate\Container\BoundMethod::call(Object(Illuminate\Container\Container), Array, Array, NULL)
#33 C:\laragon\www\cyo-flarum\vendor\illuminate\bus\Dispatcher.php(128): Illuminate\Container\Container->call(Array)
#34 C:\laragon\www\cyo-flarum\vendor\illuminate\pipeline\Pipeline.php(128): Illuminate\Bus\Dispatcher->Illuminate\Bus\{closure}(Object(IanM\FollowUsers\Jobs\SendNotificationWhenFollowerPosted))
#35 C:\laragon\www\cyo-flarum\vendor\illuminate\pipeline\Pipeline.php(103): Illuminate\Pipeline\Pipeline->Illuminate\Pipeline\{closure}(Object(IanM\FollowUsers\Jobs\SendNotificationWhenFollowerPosted))
#36 C:\laragon\www\cyo-flarum\vendor\illuminate\bus\Dispatcher.php(132): Illuminate\Pipeline\Pipeline->then(Object(Closure))
#37 C:\laragon\www\cyo-flarum\vendor\illuminate\queue\CallQueuedHandler.php(119): Illuminate\Bus\Dispatcher->dispatchNow(Object(IanM\FollowUsers\Jobs\SendNotificationWhenFollowerPosted), false)
#38 C:\laragon\www\cyo-flarum\vendor\illuminate\pipeline\Pipeline.php(128): Illuminate\Queue\CallQueuedHandler->Illuminate\Queue\{closure}(Object(IanM\FollowUsers\Jobs\SendNotificationWhenFollowerPosted))
#39 C:\laragon\www\cyo-flarum\vendor\illuminate\pipeline\Pipeline.php(103): Illuminate\Pipeline\Pipeline->Illuminate\Pipeline\{closure}(Object(IanM\FollowUsers\Jobs\SendNotificationWhenFollowerPosted))
#40 C:\laragon\www\cyo-flarum\vendor\illuminate\queue\CallQueuedHandler.php(118): Illuminate\Pipeline\Pipeline->then(Object(Closure))
#41 C:\laragon\www\cyo-flarum\vendor\illuminate\queue\CallQueuedHandler.php(70): Illuminate\Queue\CallQueuedHandler->dispatchThroughMiddleware(Object(Illuminate\Queue\Jobs\SyncJob), Object(IanM\FollowUsers\Jobs\SendNotificationWhenFollowerPosted))
#42 C:\laragon\www\cyo-flarum\vendor\illuminate\queue\Jobs\Job.php(98): Illuminate\Queue\CallQueuedHandler->call(Object(Illuminate\Queue\Jobs\SyncJob), Array)
#43 C:\laragon\www\cyo-flarum\vendor\illuminate\queue\SyncQueue.php(43): Illuminate\Queue\Jobs\Job->fire()
#44 C:\laragon\www\cyo-flarum\vendor\ianm\follow-users\src\Listeners\QueueNotificationJobs.php(77): Illuminate\Queue\SyncQueue->push(Object(IanM\FollowUsers\Jobs\SendNotificationWhenFollowerPosted))
#45 C:\laragon\www\cyo-flarum\vendor\flarum\core\src\Database\AbstractModel.php(83): IanM\FollowUsers\Listeners\QueueNotificationJobs->IanM\FollowUsers\Listeners\{closure}(Object(Flarum\Post\CommentPost))
#46 C:\laragon\www\cyo-flarum\vendor\illuminate\events\Dispatcher.php(404): Flarum\Database\AbstractModel::Flarum\Database\{closure}(Object(Flarum\Post\CommentPost))
#47 C:\laragon\www\cyo-flarum\vendor\illuminate\events\Dispatcher.php(249): Illuminate\Events\Dispatcher->Illuminate\Events\{closure}('eloquent.saved:...', Array)
#48 C:\laragon\www\cyo-flarum\vendor\illuminate\database\Eloquent\Concerns\HasEvents.php(188): Illuminate\Events\Dispatcher->dispatch('eloquent.saved:...', Array)
#49 C:\laragon\www\cyo-flarum\vendor\illuminate\database\Eloquent\Model.php(1035): Illuminate\Database\Eloquent\Model->fireModelEvent('saved', false)
#50 C:\laragon\www\cyo-flarum\vendor\illuminate\database\Eloquent\Model.php(1006): Illuminate\Database\Eloquent\Model->finishSave(Array)
#51 C:\laragon\www\cyo-flarum\vendor\flarum\core\src\Post\Command\PostReplyHandler.php(102): Illuminate\Database\Eloquent\Model->save()
#52 C:\laragon\www\cyo-flarum\vendor\illuminate\bus\Dispatcher.php(122): Flarum\Post\Command\PostReplyHandler->handle(Object(Flarum\Post\Command\PostReply))
#53 C:\laragon\www\cyo-flarum\vendor\illuminate\pipeline\Pipeline.php(128): Illuminate\Bus\Dispatcher->Illuminate\Bus\{closure}(Object(Flarum\Post\Command\PostReply))
#54 C:\laragon\www\cyo-flarum\vendor\illuminate\pipeline\Pipeline.php(103): Illuminate\Pipeline\Pipeline->Illuminate\Pipeline\{closure}(Object(Flarum\Post\Command\PostReply))
#55 C:\laragon\www\cyo-flarum\vendor\illuminate\bus\Dispatcher.php(132): Illuminate\Pipeline\Pipeline->then(Object(Closure))
#56 C:\laragon\www\cyo-flarum\vendor\illuminate\bus\Dispatcher.php(78): Illuminate\Bus\Dispatcher->dispatchNow(Object(Flarum\Post\Command\PostReply))
#57 C:\laragon\www\cyo-flarum\vendor\flarum\core\src\Api\Controller\CreatePostController.php(61): Illuminate\Bus\Dispatcher->dispatch(Object(Flarum\Post\Command\PostReply))
#58 C:\laragon\www\cyo-flarum\vendor\flarum\core\src\Api\Controller\AbstractSerializeController.php(116): Flarum\Api\Controller\CreatePostController->data(Object(Laminas\Diactoros\ServerRequest), Object(Tobscure\JsonApi\Document))
#59 C:\laragon\www\cyo-flarum\vendor\flarum\core\src\Api\Controller\AbstractCreateController.php(22): Flarum\Api\Controller\AbstractSerializeController->handle(Object(Laminas\Diactoros\ServerRequest))
#60 C:\laragon\www\cyo-flarum\vendor\flarum\core\src\Http\RouteHandlerFactory.php(41): Flarum\Api\Controller\AbstractCreateController->handle(Object(Laminas\Diactoros\ServerRequest))
#61 C:\laragon\www\cyo-flarum\vendor\flarum\core\src\Http\Middleware\ExecuteRoute.php(27): Flarum\Http\RouteHandlerFactory->Flarum\Http\{closure}(Object(Laminas\Diactoros\ServerRequest), Array)
#62 C:\laragon\www\cyo-flarum\vendor\laminas\laminas-stratigility\src\Next.php(49): Flarum\Http\Middleware\ExecuteRoute->process(Object(Laminas\Diactoros\ServerRequest), Object(Closure))
#63 C:\laragon\www\cyo-flarum\vendor\flarum\core\src\Api\Middleware\ThrottleApi.php(33): Laminas\Stratigility\Next->handle(Object(Laminas\Diactoros\ServerRequest))
#64 C:\laragon\www\cyo-flarum\vendor\laminas\laminas-stratigility\src\Next.php(49): Flarum\Api\Middleware\ThrottleApi->process(Object(Laminas\Diactoros\ServerRequest), Object(Laminas\Stratigility\Next))
#65 C:\laragon\www\cyo-flarum\vendor\flarum\core\src\Http\Middleware\CheckCsrfToken.php(44): Laminas\Stratigility\Next->handle(Object(Laminas\Diactoros\ServerRequest))
#66 C:\laragon\www\cyo-flarum\vendor\laminas\laminas-stratigility\src\Next.php(49): Flarum\Http\Middleware\CheckCsrfToken->process(Object(Laminas\Diactoros\ServerRequest), Object(Laminas\Stratigility\Next))
#67 C:\laragon\www\cyo-flarum\vendor\flarum\core\src\Http\Middleware\ResolveRoute.php(69): Laminas\Stratigility\Next->handle(Object(Laminas\Diactoros\ServerRequest))
#68 C:\laragon\www\cyo-flarum\vendor\laminas\laminas-stratigility\src\Next.php(49): Flarum\Http\Middleware\ResolveRoute->process(Object(Laminas\Diactoros\ServerRequest), Object(Laminas\Stratigility\Next))
#69 C:\laragon\www\cyo-flarum\vendor\flarum\core\src\Http\Middleware\SetLocale.php(51): Laminas\Stratigility\Next->handle(Object(Laminas\Diactoros\ServerRequest))
#70 C:\laragon\www\cyo-flarum\vendor\laminas\laminas-stratigility\src\Next.php(49): Flarum\Http\Middleware\SetLocale->process(Object(Laminas\Diactoros\ServerRequest), Object(Laminas\Stratigility\Next))
#71 C:\laragon\www\cyo-flarum\vendor\flarum\core\src\Http\Middleware\AuthenticateWithHeader.php(58): Laminas\Stratigility\Next->handle(Object(Laminas\Diactoros\ServerRequest))
#72 C:\laragon\www\cyo-flarum\vendor\laminas\laminas-stratigility\src\Next.php(49): Flarum\Http\Middleware\AuthenticateWithHeader->process(Object(Laminas\Diactoros\ServerRequest), Object(Laminas\Stratigility\Next))
#73 C:\laragon\www\cyo-flarum\vendor\flarum\core\src\Http\Middleware\AuthenticateWithSession.php(31): Laminas\Stratigility\Next->handle(Object(Laminas\Diactoros\ServerRequest))
#74 C:\laragon\www\cyo-flarum\vendor\laminas\laminas-stratigility\src\Next.php(49): Flarum\Http\Middleware\AuthenticateWithSession->process(Object(Laminas\Diactoros\ServerRequest), Object(Laminas\Stratigility\Next))
#75 C:\laragon\www\cyo-flarum\vendor\flarum\core\src\Http\Middleware\RememberFromCookie.php(63): Laminas\Stratigility\Next->handle(Object(Laminas\Diactoros\ServerRequest))
#76 C:\laragon\www\cyo-flarum\vendor\laminas\laminas-stratigility\src\Next.php(49): Flarum\Http\Middleware\RememberFromCookie->process(Object(Laminas\Diactoros\ServerRequest), Object(Laminas\Stratigility\Next))
#77 C:\laragon\www\cyo-flarum\vendor\flarum\core\src\Http\Middleware\StartSession.php(61): Laminas\Stratigility\Next->handle(Object(Laminas\Diactoros\ServerRequest))
#78 C:\laragon\www\cyo-flarum\vendor\laminas\laminas-stratigility\src\Next.php(49): Flarum\Http\Middleware\StartSession->process(Object(Laminas\Diactoros\ServerRequest), Object(Laminas\Stratigility\Next))
#79 C:\laragon\www\cyo-flarum\vendor\flarum\core\src\Api\Middleware\FakeHttpMethods.php(29): Laminas\Stratigility\Next->handle(Object(Laminas\Diactoros\ServerRequest))
#80 C:\laragon\www\cyo-flarum\vendor\laminas\laminas-stratigility\src\Next.php(49): Flarum\Api\Middleware\FakeHttpMethods->process(Object(Laminas\Diactoros\ServerRequest), Object(Laminas\Stratigility\Next))
#81 C:\laragon\www\cyo-flarum\vendor\flarum\core\src\Http\Middleware\ParseJsonBody.php(28): Laminas\Stratigility\Next->handle(Object(Laminas\Diactoros\ServerRequest))
#82 C:\laragon\www\cyo-flarum\vendor\laminas\laminas-stratigility\src\Next.php(49): Flarum\Http\Middleware\ParseJsonBody->process(Object(Laminas\Diactoros\ServerRequest), Object(Laminas\Stratigility\Next))
#83 C:\laragon\www\cyo-flarum\vendor\flarum\core\src\Http\Middleware\HandleErrors.php(57): Laminas\Stratigility\Next->handle(Object(Laminas\Diactoros\ServerRequest))
#84 C:\laragon\www\cyo-flarum\vendor\laminas\laminas-stratigility\src\Next.php(49): Flarum\Http\Middleware\HandleErrors->process(Object(Laminas\Diactoros\ServerRequest), Object(Laminas\Stratigility\Next))
#85 C:\laragon\www\cyo-flarum\vendor\flarum\core\src\Http\Middleware\InjectActorReference.php(25): Laminas\Stratigility\Next->handle(Object(Laminas\Diactoros\ServerRequest))
#86 C:\laragon\www\cyo-flarum\vendor\laminas\laminas-stratigility\src\Next.php(49): Flarum\Http\Middleware\InjectActorReference->process(Object(Laminas\Diactoros\ServerRequest), Object(Laminas\Stratigility\Next))
#87 C:\laragon\www\cyo-flarum\vendor\laminas\laminas-stratigility\src\MiddlewarePipe.php(81): Laminas\Stratigility\Next->handle(Object(Laminas\Diactoros\ServerRequest))
#88 C:\laragon\www\cyo-flarum\vendor\middlewares\request-handler\src\RequestHandler.php(84): Laminas\Stratigility\MiddlewarePipe->process(Object(Laminas\Diactoros\ServerRequest), Object(Laminas\Stratigility\Next))
#89 C:\laragon\www\cyo-flarum\vendor\laminas\laminas-stratigility\src\Next.php(49): Middlewares\RequestHandler->process(Object(Laminas\Diactoros\ServerRequest), Object(Laminas\Stratigility\Next))
#90 C:\laragon\www\cyo-flarum\vendor\middlewares\base-path-router\src\BasePathRouter.php(97): Laminas\Stratigility\Next->handle(Object(Laminas\Diactoros\ServerRequest))
#91 C:\laragon\www\cyo-flarum\vendor\laminas\laminas-stratigility\src\Next.php(49): Middlewares\BasePathRouter->process(Object(Laminas\Diactoros\ServerRequest), Object(Laminas\Stratigility\Next))
#92 C:\laragon\www\cyo-flarum\vendor\laminas\laminas-stratigility\src\Middleware\OriginalMessages.php(36): Laminas\Stratigility\Next->handle(Object(Laminas\Diactoros\ServerRequest))
#93 C:\laragon\www\cyo-flarum\vendor\laminas\laminas-stratigility\src\Next.php(49): Laminas\Stratigility\Middleware\OriginalMessages->process(Object(Laminas\Diactoros\ServerRequest), Object(Laminas\Stratigility\Next))
#94 C:\laragon\www\cyo-flarum\vendor\middlewares\base-path\src\BasePath.php(73): Laminas\Stratigility\Next->handle(Object(Laminas\Diactoros\ServerRequest))
#95 C:\laragon\www\cyo-flarum\vendor\laminas\laminas-stratigility\src\Next.php(49): Middlewares\BasePath->process(Object(Laminas\Diactoros\ServerRequest), Object(Laminas\Stratigility\Next))
#96 C:\laragon\www\cyo-flarum\vendor\flarum\core\src\Http\Middleware\ProcessIp.php(24): Laminas\Stratigility\Next->handle(Object(Laminas\Diactoros\ServerRequest))
#97 C:\laragon\www\cyo-flarum\vendor\laminas\laminas-stratigility\src\Next.php(49): Flarum\Http\Middleware\ProcessIp->process(Object(Laminas\Diactoros\ServerRequest), Object(Laminas\Stratigility\Next))
#98 C:\laragon\www\cyo-flarum\vendor\laminas\laminas-stratigility\src\MiddlewarePipe.php(81): Laminas\Stratigility\Next->handle(Object(Laminas\Diactoros\ServerRequest))
#99 C:\laragon\www\cyo-flarum\vendor\laminas\laminas-stratigility\src\MiddlewarePipe.php(70): Laminas\Stratigility\MiddlewarePipe->process(Object(Laminas\Diactoros\ServerRequest), Object(Laminas\Stratigility\EmptyPipelineHandler))
#100 C:\laragon\www\cyo-flarum\vendor\laminas\laminas-httphandlerrunner\src\RequestHandlerRunner.php(73): Laminas\Stratigility\MiddlewarePipe->handle(Object(Laminas\Diactoros\ServerRequest))
#101 C:\laragon\www\cyo-flarum\vendor\flarum\core\src\Http\Server.php(45): Laminas\HttpHandlerRunner\RequestHandlerRunner->run()
#102 C:\laragon\www\cyo-flarum\public\index.php(26): Flarum\Http\Server->listen()
#103 {main}  
[2025-06-26 13:05:57] flarum.ERROR: Swift_TransportException: Process could not be started [The system cannot find the path specified.
] in C:\laragon\www\cyo-flarum\vendor\swiftmailer\swiftmailer\lib\classes\Swift\Transport\StreamBuffer.php:294
Stack trace:
#0 C:\laragon\www\cyo-flarum\vendor\swiftmailer\swiftmailer\lib\classes\Swift\Transport\StreamBuffer.php(54): Swift_Transport_StreamBuffer->establishProcessConnection()
#1 C:\laragon\www\cyo-flarum\vendor\swiftmailer\swiftmailer\lib\classes\Swift\Transport\AbstractSmtpTransport.php(143): Swift_Transport_StreamBuffer->initialize(Array)
#2 C:\laragon\www\cyo-flarum\vendor\swiftmailer\swiftmailer\lib\classes\Swift\Transport\SendmailTransport.php(50): Swift_Transport_AbstractSmtpTransport->start()
#3 C:\laragon\www\cyo-flarum\vendor\swiftmailer\swiftmailer\lib\classes\Swift\Mailer.php(65): Swift_Transport_SendmailTransport->start()
#4 C:\laragon\www\cyo-flarum\vendor\illuminate\mail\Mailer.php(521): Swift_Mailer->send(Object(Swift_Message), Array)
#5 C:\laragon\www\cyo-flarum\vendor\illuminate\mail\Mailer.php(288): Illuminate\Mail\Mailer->sendSwiftMessage(Object(Swift_Message))
#6 C:\laragon\www\cyo-flarum\vendor\flarum\core\src\Notification\NotificationMailer.php(56): Illuminate\Mail\Mailer->send(NULL, Array, Object(Closure))
#7 C:\laragon\www\cyo-flarum\vendor\flarum\core\src\Notification\Job\SendEmailNotificationJob.php(39): Flarum\Notification\NotificationMailer->send(Object(IanM\FollowUsers\Notifications\NewPostByUserBlueprint), Object(Flarum\User\User))
#8 C:\laragon\www\cyo-flarum\vendor\illuminate\container\BoundMethod.php(36): Flarum\Notification\Job\SendEmailNotificationJob->handle(Object(Flarum\Notification\NotificationMailer))
#9 C:\laragon\www\cyo-flarum\vendor\illuminate\container\Util.php(40): Illuminate\Container\BoundMethod::Illuminate\Container\{closure}()
#10 C:\laragon\www\cyo-flarum\vendor\illuminate\container\BoundMethod.php(93): Illuminate\Container\Util::unwrapIfClosure(Object(Closure))
#11 C:\laragon\www\cyo-flarum\vendor\illuminate\container\BoundMethod.php(35): Illuminate\Container\BoundMethod::callBoundMethod(Object(Illuminate\Container\Container), Array, Object(Closure))
#12 C:\laragon\www\cyo-flarum\vendor\illuminate\container\Container.php(653): Illuminate\Container\BoundMethod::call(Object(Illuminate\Container\Container), Array, Array, NULL)
#13 C:\laragon\www\cyo-flarum\vendor\illuminate\bus\Dispatcher.php(128): Illuminate\Container\Container->call(Array)
#14 C:\laragon\www\cyo-flarum\vendor\illuminate\pipeline\Pipeline.php(128): Illuminate\Bus\Dispatcher->Illuminate\Bus\{closure}(Object(Flarum\Notification\Job\SendEmailNotificationJob))
#15 C:\laragon\www\cyo-flarum\vendor\illuminate\pipeline\Pipeline.php(103): Illuminate\Pipeline\Pipeline->Illuminate\Pipeline\{closure}(Object(Flarum\Notification\Job\SendEmailNotificationJob))
#16 C:\laragon\www\cyo-flarum\vendor\illuminate\bus\Dispatcher.php(132): Illuminate\Pipeline\Pipeline->then(Object(Closure))
#17 C:\laragon\www\cyo-flarum\vendor\illuminate\queue\CallQueuedHandler.php(119): Illuminate\Bus\Dispatcher->dispatchNow(Object(Flarum\Notification\Job\SendEmailNotificationJob), false)
#18 C:\laragon\www\cyo-flarum\vendor\illuminate\pipeline\Pipeline.php(128): Illuminate\Queue\CallQueuedHandler->Illuminate\Queue\{closure}(Object(Flarum\Notification\Job\SendEmailNotificationJob))
#19 C:\laragon\www\cyo-flarum\vendor\illuminate\pipeline\Pipeline.php(103): Illuminate\Pipeline\Pipeline->Illuminate\Pipeline\{closure}(Object(Flarum\Notification\Job\SendEmailNotificationJob))
#20 C:\laragon\www\cyo-flarum\vendor\illuminate\queue\CallQueuedHandler.php(118): Illuminate\Pipeline\Pipeline->then(Object(Closure))
#21 C:\laragon\www\cyo-flarum\vendor\illuminate\queue\CallQueuedHandler.php(70): Illuminate\Queue\CallQueuedHandler->dispatchThroughMiddleware(Object(Illuminate\Queue\Jobs\SyncJob), Object(Flarum\Notification\Job\SendEmailNotificationJob))
#22 C:\laragon\www\cyo-flarum\vendor\illuminate\queue\Jobs\Job.php(98): Illuminate\Queue\CallQueuedHandler->call(Object(Illuminate\Queue\Jobs\SyncJob), Array)
#23 C:\laragon\www\cyo-flarum\vendor\illuminate\queue\SyncQueue.php(43): Illuminate\Queue\Jobs\Job->fire()
#24 C:\laragon\www\cyo-flarum\vendor\flarum\core\src\Notification\Driver\EmailNotificationDriver.php(51): Illuminate\Queue\SyncQueue->push(Object(Flarum\Notification\Job\SendEmailNotificationJob))
#25 C:\laragon\www\cyo-flarum\vendor\flarum\core\src\Notification\Driver\EmailNotificationDriver.php(37): Flarum\Notification\Driver\EmailNotificationDriver->mailNotifications(Object(IanM\FollowUsers\Notifications\NewPostByUserBlueprint), Array)
#26 C:\laragon\www\cyo-flarum\vendor\flarum\core\src\Notification\NotificationSyncer.php(110): Flarum\Notification\Driver\EmailNotificationDriver->send(Object(IanM\FollowUsers\Notifications\NewPostByUserBlueprint), Array)
#27 C:\laragon\www\cyo-flarum\vendor\ianm\follow-users\src\Jobs\SendNotificationWhenFollowerPosted.php(59): Flarum\Notification\NotificationSyncer->sync(Object(IanM\FollowUsers\Notifications\NewPostByUserBlueprint), Array)
#28 C:\laragon\www\cyo-flarum\vendor\illuminate\container\BoundMethod.php(36): IanM\FollowUsers\Jobs\SendNotificationWhenFollowerPosted->handle(Object(Flarum\Notification\NotificationSyncer))
#29 C:\laragon\www\cyo-flarum\vendor\illuminate\container\Util.php(40): Illuminate\Container\BoundMethod::Illuminate\Container\{closure}()
#30 C:\laragon\www\cyo-flarum\vendor\illuminate\container\BoundMethod.php(93): Illuminate\Container\Util::unwrapIfClosure(Object(Closure))
#31 C:\laragon\www\cyo-flarum\vendor\illuminate\container\BoundMethod.php(35): Illuminate\Container\BoundMethod::callBoundMethod(Object(Illuminate\Container\Container), Array, Object(Closure))
#32 C:\laragon\www\cyo-flarum\vendor\illuminate\container\Container.php(653): Illuminate\Container\BoundMethod::call(Object(Illuminate\Container\Container), Array, Array, NULL)
#33 C:\laragon\www\cyo-flarum\vendor\illuminate\bus\Dispatcher.php(128): Illuminate\Container\Container->call(Array)
#34 C:\laragon\www\cyo-flarum\vendor\illuminate\pipeline\Pipeline.php(128): Illuminate\Bus\Dispatcher->Illuminate\Bus\{closure}(Object(IanM\FollowUsers\Jobs\SendNotificationWhenFollowerPosted))
#35 C:\laragon\www\cyo-flarum\vendor\illuminate\pipeline\Pipeline.php(103): Illuminate\Pipeline\Pipeline->Illuminate\Pipeline\{closure}(Object(IanM\FollowUsers\Jobs\SendNotificationWhenFollowerPosted))
#36 C:\laragon\www\cyo-flarum\vendor\illuminate\bus\Dispatcher.php(132): Illuminate\Pipeline\Pipeline->then(Object(Closure))
#37 C:\laragon\www\cyo-flarum\vendor\illuminate\queue\CallQueuedHandler.php(119): Illuminate\Bus\Dispatcher->dispatchNow(Object(IanM\FollowUsers\Jobs\SendNotificationWhenFollowerPosted), false)
#38 C:\laragon\www\cyo-flarum\vendor\illuminate\pipeline\Pipeline.php(128): Illuminate\Queue\CallQueuedHandler->Illuminate\Queue\{closure}(Object(IanM\FollowUsers\Jobs\SendNotificationWhenFollowerPosted))
#39 C:\laragon\www\cyo-flarum\vendor\illuminate\pipeline\Pipeline.php(103): Illuminate\Pipeline\Pipeline->Illuminate\Pipeline\{closure}(Object(IanM\FollowUsers\Jobs\SendNotificationWhenFollowerPosted))
#40 C:\laragon\www\cyo-flarum\vendor\illuminate\queue\CallQueuedHandler.php(118): Illuminate\Pipeline\Pipeline->then(Object(Closure))
#41 C:\laragon\www\cyo-flarum\vendor\illuminate\queue\CallQueuedHandler.php(70): Illuminate\Queue\CallQueuedHandler->dispatchThroughMiddleware(Object(Illuminate\Queue\Jobs\SyncJob), Object(IanM\FollowUsers\Jobs\SendNotificationWhenFollowerPosted))
#42 C:\laragon\www\cyo-flarum\vendor\illuminate\queue\Jobs\Job.php(98): Illuminate\Queue\CallQueuedHandler->call(Object(Illuminate\Queue\Jobs\SyncJob), Array)
#43 C:\laragon\www\cyo-flarum\vendor\illuminate\queue\SyncQueue.php(43): Illuminate\Queue\Jobs\Job->fire()
#44 C:\laragon\www\cyo-flarum\vendor\ianm\follow-users\src\Listeners\QueueNotificationJobs.php(77): Illuminate\Queue\SyncQueue->push(Object(IanM\FollowUsers\Jobs\SendNotificationWhenFollowerPosted))
#45 C:\laragon\www\cyo-flarum\vendor\flarum\core\src\Database\AbstractModel.php(83): IanM\FollowUsers\Listeners\QueueNotificationJobs->IanM\FollowUsers\Listeners\{closure}(Object(Flarum\Post\CommentPost))
#46 C:\laragon\www\cyo-flarum\vendor\illuminate\events\Dispatcher.php(404): Flarum\Database\AbstractModel::Flarum\Database\{closure}(Object(Flarum\Post\CommentPost))
#47 C:\laragon\www\cyo-flarum\vendor\illuminate\events\Dispatcher.php(249): Illuminate\Events\Dispatcher->Illuminate\Events\{closure}('eloquent.saved:...', Array)
#48 C:\laragon\www\cyo-flarum\vendor\illuminate\database\Eloquent\Concerns\HasEvents.php(188): Illuminate\Events\Dispatcher->dispatch('eloquent.saved:...', Array)
#49 C:\laragon\www\cyo-flarum\vendor\illuminate\database\Eloquent\Model.php(1035): Illuminate\Database\Eloquent\Model->fireModelEvent('saved', false)
#50 C:\laragon\www\cyo-flarum\vendor\illuminate\database\Eloquent\Model.php(1006): Illuminate\Database\Eloquent\Model->finishSave(Array)
#51 C:\laragon\www\cyo-flarum\vendor\flarum\core\src\Post\Command\PostReplyHandler.php(102): Illuminate\Database\Eloquent\Model->save()
#52 C:\laragon\www\cyo-flarum\vendor\illuminate\bus\Dispatcher.php(122): Flarum\Post\Command\PostReplyHandler->handle(Object(Flarum\Post\Command\PostReply))
#53 C:\laragon\www\cyo-flarum\vendor\illuminate\pipeline\Pipeline.php(128): Illuminate\Bus\Dispatcher->Illuminate\Bus\{closure}(Object(Flarum\Post\Command\PostReply))
#54 C:\laragon\www\cyo-flarum\vendor\illuminate\pipeline\Pipeline.php(103): Illuminate\Pipeline\Pipeline->Illuminate\Pipeline\{closure}(Object(Flarum\Post\Command\PostReply))
#55 C:\laragon\www\cyo-flarum\vendor\illuminate\bus\Dispatcher.php(132): Illuminate\Pipeline\Pipeline->then(Object(Closure))
#56 C:\laragon\www\cyo-flarum\vendor\illuminate\bus\Dispatcher.php(78): Illuminate\Bus\Dispatcher->dispatchNow(Object(Flarum\Post\Command\PostReply))
#57 C:\laragon\www\cyo-flarum\vendor\flarum\core\src\Api\Controller\CreatePostController.php(61): Illuminate\Bus\Dispatcher->dispatch(Object(Flarum\Post\Command\PostReply))
#58 C:\laragon\www\cyo-flarum\vendor\flarum\core\src\Api\Controller\AbstractSerializeController.php(116): Flarum\Api\Controller\CreatePostController->data(Object(Laminas\Diactoros\ServerRequest), Object(Tobscure\JsonApi\Document))
#59 C:\laragon\www\cyo-flarum\vendor\flarum\core\src\Api\Controller\AbstractCreateController.php(22): Flarum\Api\Controller\AbstractSerializeController->handle(Object(Laminas\Diactoros\ServerRequest))
#60 C:\laragon\www\cyo-flarum\vendor\flarum\core\src\Http\RouteHandlerFactory.php(41): Flarum\Api\Controller\AbstractCreateController->handle(Object(Laminas\Diactoros\ServerRequest))
#61 C:\laragon\www\cyo-flarum\vendor\flarum\core\src\Http\Middleware\ExecuteRoute.php(27): Flarum\Http\RouteHandlerFactory->Flarum\Http\{closure}(Object(Laminas\Diactoros\ServerRequest), Array)
#62 C:\laragon\www\cyo-flarum\vendor\laminas\laminas-stratigility\src\Next.php(49): Flarum\Http\Middleware\ExecuteRoute->process(Object(Laminas\Diactoros\ServerRequest), Object(Closure))
#63 C:\laragon\www\cyo-flarum\vendor\flarum\core\src\Api\Middleware\ThrottleApi.php(33): Laminas\Stratigility\Next->handle(Object(Laminas\Diactoros\ServerRequest))
#64 C:\laragon\www\cyo-flarum\vendor\laminas\laminas-stratigility\src\Next.php(49): Flarum\Api\Middleware\ThrottleApi->process(Object(Laminas\Diactoros\ServerRequest), Object(Laminas\Stratigility\Next))
#65 C:\laragon\www\cyo-flarum\vendor\flarum\core\src\Http\Middleware\CheckCsrfToken.php(44): Laminas\Stratigility\Next->handle(Object(Laminas\Diactoros\ServerRequest))
#66 C:\laragon\www\cyo-flarum\vendor\laminas\laminas-stratigility\src\Next.php(49): Flarum\Http\Middleware\CheckCsrfToken->process(Object(Laminas\Diactoros\ServerRequest), Object(Laminas\Stratigility\Next))
#67 C:\laragon\www\cyo-flarum\vendor\flarum\core\src\Http\Middleware\ResolveRoute.php(69): Laminas\Stratigility\Next->handle(Object(Laminas\Diactoros\ServerRequest))
#68 C:\laragon\www\cyo-flarum\vendor\laminas\laminas-stratigility\src\Next.php(49): Flarum\Http\Middleware\ResolveRoute->process(Object(Laminas\Diactoros\ServerRequest), Object(Laminas\Stratigility\Next))
#69 C:\laragon\www\cyo-flarum\vendor\flarum\core\src\Http\Middleware\SetLocale.php(51): Laminas\Stratigility\Next->handle(Object(Laminas\Diactoros\ServerRequest))
#70 C:\laragon\www\cyo-flarum\vendor\laminas\laminas-stratigility\src\Next.php(49): Flarum\Http\Middleware\SetLocale->process(Object(Laminas\Diactoros\ServerRequest), Object(Laminas\Stratigility\Next))
#71 C:\laragon\www\cyo-flarum\vendor\flarum\core\src\Http\Middleware\AuthenticateWithHeader.php(58): Laminas\Stratigility\Next->handle(Object(Laminas\Diactoros\ServerRequest))
#72 C:\laragon\www\cyo-flarum\vendor\laminas\laminas-stratigility\src\Next.php(49): Flarum\Http\Middleware\AuthenticateWithHeader->process(Object(Laminas\Diactoros\ServerRequest), Object(Laminas\Stratigility\Next))
#73 C:\laragon\www\cyo-flarum\vendor\flarum\core\src\Http\Middleware\AuthenticateWithSession.php(31): Laminas\Stratigility\Next->handle(Object(Laminas\Diactoros\ServerRequest))
#74 C:\laragon\www\cyo-flarum\vendor\laminas\laminas-stratigility\src\Next.php(49): Flarum\Http\Middleware\AuthenticateWithSession->process(Object(Laminas\Diactoros\ServerRequest), Object(Laminas\Stratigility\Next))
#75 C:\laragon\www\cyo-flarum\vendor\flarum\core\src\Http\Middleware\RememberFromCookie.php(63): Laminas\Stratigility\Next->handle(Object(Laminas\Diactoros\ServerRequest))
#76 C:\laragon\www\cyo-flarum\vendor\laminas\laminas-stratigility\src\Next.php(49): Flarum\Http\Middleware\RememberFromCookie->process(Object(Laminas\Diactoros\ServerRequest), Object(Laminas\Stratigility\Next))
#77 C:\laragon\www\cyo-flarum\vendor\flarum\core\src\Http\Middleware\StartSession.php(61): Laminas\Stratigility\Next->handle(Object(Laminas\Diactoros\ServerRequest))
#78 C:\laragon\www\cyo-flarum\vendor\laminas\laminas-stratigility\src\Next.php(49): Flarum\Http\Middleware\StartSession->process(Object(Laminas\Diactoros\ServerRequest), Object(Laminas\Stratigility\Next))
#79 C:\laragon\www\cyo-flarum\vendor\flarum\core\src\Api\Middleware\FakeHttpMethods.php(29): Laminas\Stratigility\Next->handle(Object(Laminas\Diactoros\ServerRequest))
#80 C:\laragon\www\cyo-flarum\vendor\laminas\laminas-stratigility\src\Next.php(49): Flarum\Api\Middleware\FakeHttpMethods->process(Object(Laminas\Diactoros\ServerRequest), Object(Laminas\Stratigility\Next))
#81 C:\laragon\www\cyo-flarum\vendor\flarum\core\src\Http\Middleware\ParseJsonBody.php(28): Laminas\Stratigility\Next->handle(Object(Laminas\Diactoros\ServerRequest))
#82 C:\laragon\www\cyo-flarum\vendor\laminas\laminas-stratigility\src\Next.php(49): Flarum\Http\Middleware\ParseJsonBody->process(Object(Laminas\Diactoros\ServerRequest), Object(Laminas\Stratigility\Next))
#83 C:\laragon\www\cyo-flarum\vendor\flarum\core\src\Http\Middleware\HandleErrors.php(57): Laminas\Stratigility\Next->handle(Object(Laminas\Diactoros\ServerRequest))
#84 C:\laragon\www\cyo-flarum\vendor\laminas\laminas-stratigility\src\Next.php(49): Flarum\Http\Middleware\HandleErrors->process(Object(Laminas\Diactoros\ServerRequest), Object(Laminas\Stratigility\Next))
#85 C:\laragon\www\cyo-flarum\vendor\flarum\core\src\Http\Middleware\InjectActorReference.php(25): Laminas\Stratigility\Next->handle(Object(Laminas\Diactoros\ServerRequest))
#86 C:\laragon\www\cyo-flarum\vendor\laminas\laminas-stratigility\src\Next.php(49): Flarum\Http\Middleware\InjectActorReference->process(Object(Laminas\Diactoros\ServerRequest), Object(Laminas\Stratigility\Next))
#87 C:\laragon\www\cyo-flarum\vendor\laminas\laminas-stratigility\src\MiddlewarePipe.php(81): Laminas\Stratigility\Next->handle(Object(Laminas\Diactoros\ServerRequest))
#88 C:\laragon\www\cyo-flarum\vendor\middlewares\request-handler\src\RequestHandler.php(84): Laminas\Stratigility\MiddlewarePipe->process(Object(Laminas\Diactoros\ServerRequest), Object(Laminas\Stratigility\Next))
#89 C:\laragon\www\cyo-flarum\vendor\laminas\laminas-stratigility\src\Next.php(49): Middlewares\RequestHandler->process(Object(Laminas\Diactoros\ServerRequest), Object(Laminas\Stratigility\Next))
#90 C:\laragon\www\cyo-flarum\vendor\middlewares\base-path-router\src\BasePathRouter.php(97): Laminas\Stratigility\Next->handle(Object(Laminas\Diactoros\ServerRequest))
#91 C:\laragon\www\cyo-flarum\vendor\laminas\laminas-stratigility\src\Next.php(49): Middlewares\BasePathRouter->process(Object(Laminas\Diactoros\ServerRequest), Object(Laminas\Stratigility\Next))
#92 C:\laragon\www\cyo-flarum\vendor\laminas\laminas-stratigility\src\Middleware\OriginalMessages.php(36): Laminas\Stratigility\Next->handle(Object(Laminas\Diactoros\ServerRequest))
#93 C:\laragon\www\cyo-flarum\vendor\laminas\laminas-stratigility\src\Next.php(49): Laminas\Stratigility\Middleware\OriginalMessages->process(Object(Laminas\Diactoros\ServerRequest), Object(Laminas\Stratigility\Next))
#94 C:\laragon\www\cyo-flarum\vendor\middlewares\base-path\src\BasePath.php(73): Laminas\Stratigility\Next->handle(Object(Laminas\Diactoros\ServerRequest))
#95 C:\laragon\www\cyo-flarum\vendor\laminas\laminas-stratigility\src\Next.php(49): Middlewares\BasePath->process(Object(Laminas\Diactoros\ServerRequest), Object(Laminas\Stratigility\Next))
#96 C:\laragon\www\cyo-flarum\vendor\flarum\core\src\Http\Middleware\ProcessIp.php(24): Laminas\Stratigility\Next->handle(Object(Laminas\Diactoros\ServerRequest))
#97 C:\laragon\www\cyo-flarum\vendor\laminas\laminas-stratigility\src\Next.php(49): Flarum\Http\Middleware\ProcessIp->process(Object(Laminas\Diactoros\ServerRequest), Object(Laminas\Stratigility\Next))
#98 C:\laragon\www\cyo-flarum\vendor\laminas\laminas-stratigility\src\MiddlewarePipe.php(81): Laminas\Stratigility\Next->handle(Object(Laminas\Diactoros\ServerRequest))
#99 C:\laragon\www\cyo-flarum\vendor\laminas\laminas-stratigility\src\MiddlewarePipe.php(70): Laminas\Stratigility\MiddlewarePipe->process(Object(Laminas\Diactoros\ServerRequest), Object(Laminas\Stratigility\EmptyPipelineHandler))
#100 C:\laragon\www\cyo-flarum\vendor\laminas\laminas-httphandlerrunner\src\RequestHandlerRunner.php(73): Laminas\Stratigility\MiddlewarePipe->handle(Object(Laminas\Diactoros\ServerRequest))
#101 C:\laragon\www\cyo-flarum\vendor\flarum\core\src\Http\Server.php(45): Laminas\HttpHandlerRunner\RequestHandlerRunner->run()
#102 C:\laragon\www\cyo-flarum\public\index.php(26): Flarum\Http\Server->listen()
#103 {main}  
